{"/Users/thomassantosa/localbook/udemy/reactdev/crwn-clothing/client/src/App.js": {"path":"/Users/thomassantosa/localbook/udemy/reactdev/crwn-clothing/client/src/App.js","statementMap":{"0":{"start":{"line":18,"column":17},"end":{"line":18,"column":74}},"1":{"start":{"line":18,"column":28},"end":{"line":18,"column":73}},"2":{"start":{"line":19,"column":17},"end":{"line":19,"column":66}},"3":{"start":{"line":19,"column":28},"end":{"line":19,"column":65}},"4":{"start":{"line":20,"column":21},"end":{"line":20,"column":78}},"5":{"start":{"line":20,"column":32},"end":{"line":20,"column":77}},"6":{"start":{"line":21,"column":28},"end":{"line":23,"column":1}},"7":{"start":{"line":22,"column":2},"end":{"line":22,"column":69}},"8":{"start":{"line":27,"column":12},"end":{"line":54,"column":1}},"9":{"start":{"line":28,"column":2},"end":{"line":30,"column":25}},"10":{"start":{"line":29,"column":4},"end":{"line":29,"column":23}},"11":{"start":{"line":32,"column":2},"end":{"line":53,"column":4}},"12":{"start":{"line":46,"column":16},"end":{"line":46,"column":75}},"13":{"start":{"line":56,"column":24},"end":{"line":58,"column":2}},"14":{"start":{"line":59,"column":27},"end":{"line":61,"column":2}},"15":{"start":{"line":59,"column":42},"end":{"line":61,"column":1}},"16":{"start":{"line":60,"column":26},"end":{"line":60,"column":54}}},"fnMap":{"0":{"name":"(anonymous_0)","decl":{"start":{"line":18,"column":22},"end":{"line":18,"column":23}},"loc":{"start":{"line":18,"column":28},"end":{"line":18,"column":73}},"line":18},"1":{"name":"(anonymous_1)","decl":{"start":{"line":19,"column":22},"end":{"line":19,"column":23}},"loc":{"start":{"line":19,"column":28},"end":{"line":19,"column":65}},"line":19},"2":{"name":"(anonymous_2)","decl":{"start":{"line":20,"column":26},"end":{"line":20,"column":27}},"loc":{"start":{"line":20,"column":32},"end":{"line":20,"column":77}},"line":20},"3":{"name":"(anonymous_3)","decl":{"start":{"line":21,"column":33},"end":{"line":21,"column":34}},"loc":{"start":{"line":22,"column":2},"end":{"line":22,"column":69}},"line":22},"4":{"name":"(anonymous_4)","decl":{"start":{"line":27,"column":12},"end":{"line":27,"column":13}},"loc":{"start":{"line":27,"column":51},"end":{"line":54,"column":1}},"line":27},"5":{"name":"(anonymous_5)","decl":{"start":{"line":28,"column":12},"end":{"line":28,"column":13}},"loc":{"start":{"line":28,"column":18},"end":{"line":30,"column":3}},"line":28},"6":{"name":"(anonymous_6)","decl":{"start":{"line":45,"column":22},"end":{"line":45,"column":23}},"loc":{"start":{"line":46,"column":16},"end":{"line":46,"column":75}},"line":46},"7":{"name":"(anonymous_7)","decl":{"start":{"line":59,"column":27},"end":{"line":59,"column":28}},"loc":{"start":{"line":59,"column":42},"end":{"line":61,"column":1}},"line":59},"8":{"name":"(anonymous_8)","decl":{"start":{"line":60,"column":20},"end":{"line":60,"column":21}},"loc":{"start":{"line":60,"column":26},"end":{"line":60,"column":54}},"line":60}},"branchMap":{"0":{"loc":{"start":{"line":46,"column":16},"end":{"line":46,"column":75}},"type":"cond-expr","locations":[{"start":{"line":46,"column":30},"end":{"line":46,"column":49}},{"start":{"line":46,"column":52},"end":{"line":46,"column":75}}],"line":46}},"s":{"0":0,"1":0,"2":0,"3":0,"4":0,"5":0,"6":0,"7":0,"8":0,"9":0,"10":0,"11":0,"12":0,"13":0,"14":0,"15":0,"16":0},"f":{"0":0,"1":0,"2":0,"3":0,"4":0,"5":0,"6":0,"7":0,"8":0},"b":{"0":[0,0]}}
,"/Users/thomassantosa/localbook/udemy/reactdev/crwn-clothing/client/src/components/cart-dropdown/cart-dropdown.component.jsx": {"path":"/Users/thomassantosa/localbook/udemy/reactdev/crwn-clothing/client/src/components/cart-dropdown/cart-dropdown.component.jsx","statementMap":{"0":{"start":{"line":20,"column":28},"end":{"line":42,"column":1}},"1":{"start":{"line":21,"column":2},"end":{"line":41,"column":4}},"2":{"start":{"line":26,"column":12},"end":{"line":26,"column":58}},"3":{"start":{"line":34,"column":10},"end":{"line":34,"column":36}},"4":{"start":{"line":35,"column":10},"end":{"line":35,"column":39}},"5":{"start":{"line":43,"column":24},"end":{"line":45,"column":2}}},"fnMap":{"0":{"name":"(anonymous_0)","decl":{"start":{"line":20,"column":28},"end":{"line":20,"column":29}},"loc":{"start":{"line":20,"column":66},"end":{"line":42,"column":1}},"line":20},"1":{"name":"(anonymous_1)","decl":{"start":{"line":25,"column":24},"end":{"line":25,"column":25}},"loc":{"start":{"line":26,"column":12},"end":{"line":26,"column":58}},"line":26},"2":{"name":"(anonymous_2)","decl":{"start":{"line":33,"column":17},"end":{"line":33,"column":18}},"loc":{"start":{"line":33,"column":23},"end":{"line":36,"column":9}},"line":33}},"branchMap":{"0":{"loc":{"start":{"line":24,"column":9},"end":{"line":30,"column":9}},"type":"cond-expr","locations":[{"start":{"line":25,"column":10},"end":{"line":27,"column":12}},{"start":{"line":29,"column":10},"end":{"line":29,"column":75}}],"line":24}},"s":{"0":2,"1":5,"2":12,"3":1,"4":1,"5":2},"f":{"0":5,"1":12,"2":1},"b":{"0":[4,1]},"_coverageSchema":"1a1c01bbd47fc00a2c39e90264f33305004495a9","hash":"af1ceb03f346d0339b869c1906a116a6b89c64dc"}
,"/Users/thomassantosa/localbook/udemy/reactdev/crwn-clothing/client/src/components/cart-dropdown/cart-dropdown.styles.jsx": {"path":"/Users/thomassantosa/localbook/udemy/reactdev/crwn-clothing/client/src/components/cart-dropdown/cart-dropdown.styles.jsx","statementMap":{"0":{"start":{"line":4,"column":37},"end":{"line":16,"column":1}},"1":{"start":{"line":18,"column":34},"end":{"line":20,"column":1}},"2":{"start":{"line":22,"column":0},"end":{"line":22,"column":54}},"3":{"start":{"line":23,"column":37},"end":{"line":26,"column":1}},"4":{"start":{"line":28,"column":34},"end":{"line":33,"column":1}}},"fnMap":{},"branchMap":{},"s":{"0":2,"1":2,"2":2,"3":2,"4":2},"f":{},"b":{},"_coverageSchema":"1a1c01bbd47fc00a2c39e90264f33305004495a9","hash":"8812d171193a7e6cd4d31e60bc55638e1703e6b4"}
,"/Users/thomassantosa/localbook/udemy/reactdev/crwn-clothing/client/src/components/cart-icon/cart-icon.component.jsx": {"path":"/Users/thomassantosa/localbook/udemy/reactdev/crwn-clothing/client/src/components/cart-icon/cart-icon.component.jsx","statementMap":{"0":{"start":{"line":15,"column":24},"end":{"line":22,"column":1}},"1":{"start":{"line":16,"column":2},"end":{"line":21,"column":4}},"2":{"start":{"line":23,"column":24},"end":{"line":25,"column":2}},"3":{"start":{"line":26,"column":27},"end":{"line":28,"column":2}},"4":{"start":{"line":26,"column":42},"end":{"line":28,"column":1}},"5":{"start":{"line":27,"column":26},"end":{"line":27,"column":54}}},"fnMap":{"0":{"name":"(anonymous_0)","decl":{"start":{"line":15,"column":24},"end":{"line":15,"column":25}},"loc":{"start":{"line":15,"column":61},"end":{"line":22,"column":1}},"line":15},"1":{"name":"(anonymous_1)","decl":{"start":{"line":26,"column":27},"end":{"line":26,"column":28}},"loc":{"start":{"line":26,"column":42},"end":{"line":28,"column":1}},"line":26},"2":{"name":"(anonymous_2)","decl":{"start":{"line":27,"column":20},"end":{"line":27,"column":21}},"loc":{"start":{"line":27,"column":26},"end":{"line":27,"column":54}},"line":27}},"branchMap":{},"s":{"0":2,"1":3,"2":2,"3":2,"4":0,"5":0},"f":{"0":3,"1":0,"2":0},"b":{},"_coverageSchema":"1a1c01bbd47fc00a2c39e90264f33305004495a9","hash":"7f9c69f130a62803215977f35afc5c36abaca9d9"}
,"/Users/thomassantosa/localbook/udemy/reactdev/crwn-clothing/client/src/components/cart-icon/cart-icon.styles.jsx": {"path":"/Users/thomassantosa/localbook/udemy/reactdev/crwn-clothing/client/src/components/cart-icon/cart-icon.styles.jsx","statementMap":{"0":{"start":{"line":4,"column":29},"end":{"line":12,"column":1}},"1":{"start":{"line":13,"column":0},"end":{"line":13,"column":44}},"2":{"start":{"line":14,"column":28},"end":{"line":17,"column":1}},"3":{"start":{"line":19,"column":34},"end":{"line":24,"column":1}},"4":{"start":{"line":25,"column":0},"end":{"line":25,"column":54}}},"fnMap":{},"branchMap":{},"s":{"0":2,"1":2,"2":2,"3":2,"4":2},"f":{},"b":{},"_coverageSchema":"1a1c01bbd47fc00a2c39e90264f33305004495a9","hash":"c3eb6354252747f6161c0376d1fb3cacfb592bb1"}
,"/Users/thomassantosa/localbook/udemy/reactdev/crwn-clothing/client/src/components/cart-item/cart-item.component.jsx": {"path":"/Users/thomassantosa/localbook/udemy/reactdev/crwn-clothing/client/src/components/cart-item/cart-item.component.jsx","statementMap":{"0":{"start":{"line":10,"column":24},"end":{"line":22,"column":1}},"1":{"start":{"line":11,"column":2},"end":{"line":21,"column":4}}},"fnMap":{"0":{"name":"(anonymous_0)","decl":{"start":{"line":10,"column":24},"end":{"line":10,"column":25}},"loc":{"start":{"line":10,"column":75},"end":{"line":22,"column":1}},"line":10}},"branchMap":{},"s":{"0":3,"1":1},"f":{"0":1},"b":{},"_coverageSchema":"1a1c01bbd47fc00a2c39e90264f33305004495a9","hash":"32cc3f3a665f7dfc46249709148025fec48bf6b1"}
,"/Users/thomassantosa/localbook/udemy/reactdev/crwn-clothing/client/src/components/checkout-item/checkout-item.component.jsx": {"path":"/Users/thomassantosa/localbook/udemy/reactdev/crwn-clothing/client/src/components/checkout-item/checkout-item.component.jsx","statementMap":{"0":{"start":{"line":17,"column":28},"end":{"line":37,"column":1}},"1":{"start":{"line":18,"column":46},"end":{"line":18,"column":54}},"2":{"start":{"line":19,"column":2},"end":{"line":36,"column":4}},"3":{"start":{"line":27,"column":28},"end":{"line":27,"column":48}},"4":{"start":{"line":29,"column":28},"end":{"line":29,"column":45}},"5":{"start":{"line":32,"column":44},"end":{"line":32,"column":63}},"6":{"start":{"line":39,"column":27},"end":{"line":43,"column":2}},"7":{"start":{"line":39,"column":42},"end":{"line":43,"column":1}},"8":{"start":{"line":40,"column":23},"end":{"line":40,"column":56}},"9":{"start":{"line":41,"column":21},"end":{"line":41,"column":44}},"10":{"start":{"line":42,"column":24},"end":{"line":42,"column":50}}},"fnMap":{"0":{"name":"(anonymous_0)","decl":{"start":{"line":17,"column":28},"end":{"line":17,"column":29}},"loc":{"start":{"line":17,"column":78},"end":{"line":37,"column":1}},"line":17},"1":{"name":"(anonymous_1)","decl":{"start":{"line":27,"column":22},"end":{"line":27,"column":23}},"loc":{"start":{"line":27,"column":28},"end":{"line":27,"column":48}},"line":27},"2":{"name":"(anonymous_2)","decl":{"start":{"line":29,"column":22},"end":{"line":29,"column":23}},"loc":{"start":{"line":29,"column":28},"end":{"line":29,"column":45}},"line":29},"3":{"name":"(anonymous_3)","decl":{"start":{"line":32,"column":38},"end":{"line":32,"column":39}},"loc":{"start":{"line":32,"column":44},"end":{"line":32,"column":63}},"line":32},"4":{"name":"(anonymous_4)","decl":{"start":{"line":39,"column":27},"end":{"line":39,"column":28}},"loc":{"start":{"line":39,"column":42},"end":{"line":43,"column":1}},"line":39},"5":{"name":"(anonymous_5)","decl":{"start":{"line":40,"column":13},"end":{"line":40,"column":14}},"loc":{"start":{"line":40,"column":23},"end":{"line":40,"column":56}},"line":40},"6":{"name":"(anonymous_6)","decl":{"start":{"line":41,"column":11},"end":{"line":41,"column":12}},"loc":{"start":{"line":41,"column":21},"end":{"line":41,"column":44}},"line":41},"7":{"name":"(anonymous_7)","decl":{"start":{"line":42,"column":14},"end":{"line":42,"column":15}},"loc":{"start":{"line":42,"column":24},"end":{"line":42,"column":50}},"line":42}},"branchMap":{},"s":{"0":2,"1":4,"2":4,"3":1,"4":1,"5":1,"6":2,"7":0,"8":0,"9":0,"10":0},"f":{"0":4,"1":1,"2":1,"3":1,"4":0,"5":0,"6":0,"7":0},"b":{},"_coverageSchema":"1a1c01bbd47fc00a2c39e90264f33305004495a9","hash":"d0f9ea81f176b9dca53dc41372e4dff21eb3001a"}
,"/Users/thomassantosa/localbook/udemy/reactdev/crwn-clothing/client/src/components/checkout-item/checkout-item.styles.jsx": {"path":"/Users/thomassantosa/localbook/udemy/reactdev/crwn-clothing/client/src/components/checkout-item/checkout-item.styles.jsx","statementMap":{"0":{"start":{"line":3,"column":37},"end":{"line":11,"column":1}},"1":{"start":{"line":13,"column":30},"end":{"line":20,"column":1}},"2":{"start":{"line":22,"column":29},"end":{"line":24,"column":1}},"3":{"start":{"line":26,"column":33},"end":{"line":34,"column":1}},"4":{"start":{"line":36,"column":0},"end":{"line":36,"column":52}},"5":{"start":{"line":38,"column":37},"end":{"line":41,"column":1}},"6":{"start":{"line":43,"column":0},"end":{"line":43,"column":60}}},"fnMap":{},"branchMap":{},"s":{"0":2,"1":2,"2":2,"3":2,"4":2,"5":2,"6":2},"f":{},"b":{},"_coverageSchema":"1a1c01bbd47fc00a2c39e90264f33305004495a9","hash":"79f68a05bb3ed91e158a070dc5256367dbdc08b2"}
,"/Users/thomassantosa/localbook/udemy/reactdev/crwn-clothing/client/src/components/collection-item/collection-item.component.jsx": {"path":"/Users/thomassantosa/localbook/udemy/reactdev/crwn-clothing/client/src/components/collection-item/collection-item.component.jsx","statementMap":{"0":{"start":{"line":17,"column":30},"end":{"line":31,"column":1}},"1":{"start":{"line":18,"column":36},"end":{"line":18,"column":40}},"2":{"start":{"line":19,"column":2},"end":{"line":30,"column":4}},"3":{"start":{"line":26,"column":32},"end":{"line":26,"column":45}},"4":{"start":{"line":33,"column":27},"end":{"line":35,"column":2}},"5":{"start":{"line":33,"column":42},"end":{"line":35,"column":1}},"6":{"start":{"line":34,"column":21},"end":{"line":34,"column":44}}},"fnMap":{"0":{"name":"(anonymous_0)","decl":{"start":{"line":17,"column":30},"end":{"line":17,"column":31}},"loc":{"start":{"line":17,"column":53},"end":{"line":31,"column":1}},"line":17},"1":{"name":"(anonymous_1)","decl":{"start":{"line":26,"column":26},"end":{"line":26,"column":27}},"loc":{"start":{"line":26,"column":32},"end":{"line":26,"column":45}},"line":26},"2":{"name":"(anonymous_2)","decl":{"start":{"line":33,"column":27},"end":{"line":33,"column":28}},"loc":{"start":{"line":33,"column":42},"end":{"line":35,"column":1}},"line":33},"3":{"name":"(anonymous_3)","decl":{"start":{"line":34,"column":11},"end":{"line":34,"column":12}},"loc":{"start":{"line":34,"column":21},"end":{"line":34,"column":44}},"line":34}},"branchMap":{},"s":{"0":4,"1":5,"2":5,"3":1,"4":4,"5":0,"6":0},"f":{"0":5,"1":1,"2":0,"3":0},"b":{},"_coverageSchema":"1a1c01bbd47fc00a2c39e90264f33305004495a9","hash":"db4710e12ee82f169f8d12e1f01220462aad6fb6"}
,"/Users/thomassantosa/localbook/udemy/reactdev/crwn-clothing/client/src/components/collection-item/collection-item.styles.jsx": {"path":"/Users/thomassantosa/localbook/udemy/reactdev/crwn-clothing/client/src/components/collection-item/collection-item.styles.jsx","statementMap":{"0":{"start":{"line":12,"column":39},"end":{"line":43,"column":1}},"1":{"start":{"line":45,"column":25},"end":{"line":57,"column":1}},"2":{"start":{"line":59,"column":0},"end":{"line":59,"column":36}},"3":{"start":{"line":61,"column":31},"end":{"line":68,"column":1}},"4":{"start":{"line":67,"column":40},"end":{"line":67,"column":58}},"5":{"start":{"line":70,"column":0},"end":{"line":70,"column":48}},"6":{"start":{"line":72,"column":41},"end":{"line":78,"column":1}},"7":{"start":{"line":80,"column":0},"end":{"line":80,"column":68}},"8":{"start":{"line":82,"column":29},"end":{"line":85,"column":1}},"9":{"start":{"line":86,"column":0},"end":{"line":86,"column":44}},"10":{"start":{"line":88,"column":30},"end":{"line":91,"column":1}},"11":{"start":{"line":93,"column":0},"end":{"line":93,"column":46}}},"fnMap":{"0":{"name":"(anonymous_0)","decl":{"start":{"line":67,"column":22},"end":{"line":67,"column":23}},"loc":{"start":{"line":67,"column":40},"end":{"line":67,"column":58}},"line":67}},"branchMap":{},"s":{"0":4,"1":4,"2":4,"3":4,"4":0,"5":4,"6":4,"7":4,"8":4,"9":4,"10":4,"11":4},"f":{"0":0},"b":{},"_coverageSchema":"1a1c01bbd47fc00a2c39e90264f33305004495a9","hash":"b238a995c614122ccdc4a3fbc879154b901fa0c1"}
,"/Users/thomassantosa/localbook/udemy/reactdev/crwn-clothing/client/src/components/collection-preview/collection-preview.component.jsx": {"path":"/Users/thomassantosa/localbook/udemy/reactdev/crwn-clothing/client/src/components/collection-preview/collection-preview.component.jsx","statementMap":{"0":{"start":{"line":14,"column":33},"end":{"line":37,"column":1}},"1":{"start":{"line":21,"column":2},"end":{"line":36,"column":4}},"2":{"start":{"line":24,"column":23},"end":{"line":24,"column":65}},"3":{"start":{"line":30,"column":33},"end":{"line":30,"column":40}},"4":{"start":{"line":32,"column":12},"end":{"line":32,"column":64}}},"fnMap":{"0":{"name":"(anonymous_0)","decl":{"start":{"line":14,"column":33},"end":{"line":14,"column":34}},"loc":{"start":{"line":20,"column":6},"end":{"line":37,"column":1}},"line":20},"1":{"name":"(anonymous_1)","decl":{"start":{"line":24,"column":17},"end":{"line":24,"column":18}},"loc":{"start":{"line":24,"column":23},"end":{"line":24,"column":65}},"line":24},"2":{"name":"(anonymous_2)","decl":{"start":{"line":30,"column":18},"end":{"line":30,"column":19}},"loc":{"start":{"line":30,"column":33},"end":{"line":30,"column":40}},"line":30},"3":{"name":"(anonymous_3)","decl":{"start":{"line":31,"column":15},"end":{"line":31,"column":16}},"loc":{"start":{"line":31,"column":25},"end":{"line":33,"column":11}},"line":31}},"branchMap":{},"s":{"0":2,"1":2,"2":1,"3":0,"4":0},"f":{"0":2,"1":1,"2":0,"3":0},"b":{},"_coverageSchema":"1a1c01bbd47fc00a2c39e90264f33305004495a9","hash":"8e02437e366f3b111ebeb2db06c9e6636167b711"}
,"/Users/thomassantosa/localbook/udemy/reactdev/crwn-clothing/client/src/components/collection-preview/collection-preview.styles.jsx": {"path":"/Users/thomassantosa/localbook/udemy/reactdev/crwn-clothing/client/src/components/collection-preview/collection-preview.styles.jsx","statementMap":{"0":{"start":{"line":3,"column":42},"end":{"line":10,"column":1}},"1":{"start":{"line":12,"column":30},"end":{"line":20,"column":1}},"2":{"start":{"line":21,"column":0},"end":{"line":21,"column":46}},"3":{"start":{"line":22,"column":32},"end":{"line":30,"column":1}}},"fnMap":{},"branchMap":{},"s":{"0":2,"1":2,"2":2,"3":2},"f":{},"b":{},"_coverageSchema":"1a1c01bbd47fc00a2c39e90264f33305004495a9","hash":"af7103c9cf9fa709a1f5f3bafa4b34b671043dd9"}
,"/Users/thomassantosa/localbook/udemy/reactdev/crwn-clothing/client/src/components/collections-overview/collections-overview.component.jsx": {"path":"/Users/thomassantosa/localbook/udemy/reactdev/crwn-clothing/client/src/components/collections-overview/collections-overview.component.jsx","statementMap":{"0":{"start":{"line":9,"column":35},"end":{"line":17,"column":1}},"1":{"start":{"line":10,"column":2},"end":{"line":16,"column":4}},"2":{"start":{"line":13,"column":8},"end":{"line":13,"column":72}},"3":{"start":{"line":18,"column":24},"end":{"line":20,"column":2}}},"fnMap":{"0":{"name":"(anonymous_0)","decl":{"start":{"line":9,"column":35},"end":{"line":9,"column":36}},"loc":{"start":{"line":9,"column":56},"end":{"line":17,"column":1}},"line":9},"1":{"name":"(anonymous_1)","decl":{"start":{"line":12,"column":23},"end":{"line":12,"column":24}},"loc":{"start":{"line":12,"column":60},"end":{"line":14,"column":7}},"line":12}},"branchMap":{},"s":{"0":1,"1":1,"2":0,"3":1},"f":{"0":1,"1":0},"b":{},"_coverageSchema":"1a1c01bbd47fc00a2c39e90264f33305004495a9","hash":"3db635c2dfa67da6a79c7a8af4718c71b0389d95"}
,"/Users/thomassantosa/localbook/udemy/reactdev/crwn-clothing/client/src/components/custom-button/custom-button.component.jsx": {"path":"/Users/thomassantosa/localbook/udemy/reactdev/crwn-clothing/client/src/components/custom-button/custom-button.component.jsx","statementMap":{"0":{"start":{"line":5,"column":28},"end":{"line":11,"column":1}},"1":{"start":{"line":6,"column":2},"end":{"line":10,"column":4}}},"fnMap":{"0":{"name":"(anonymous_0)","decl":{"start":{"line":5,"column":28},"end":{"line":5,"column":29}},"loc":{"start":{"line":5,"column":56},"end":{"line":11,"column":1}},"line":5}},"branchMap":{},"s":{"0":8,"1":1},"f":{"0":1},"b":{},"_coverageSchema":"1a1c01bbd47fc00a2c39e90264f33305004495a9","hash":"922582f550d048a8243a8182ac829263b2989280"}
,"/Users/thomassantosa/localbook/udemy/reactdev/crwn-clothing/client/src/components/directory/directory.component.jsx": {"path":"/Users/thomassantosa/localbook/udemy/reactdev/crwn-clothing/client/src/components/directory/directory.component.jsx","statementMap":{"0":{"start":{"line":12,"column":25},"end":{"line":20,"column":1}},"1":{"start":{"line":13,"column":2},"end":{"line":19,"column":4}},"2":{"start":{"line":16,"column":8},"end":{"line":16,"column":55}},"3":{"start":{"line":22,"column":24},"end":{"line":24,"column":2}}},"fnMap":{"0":{"name":"(anonymous_0)","decl":{"start":{"line":12,"column":25},"end":{"line":12,"column":26}},"loc":{"start":{"line":12,"column":43},"end":{"line":20,"column":1}},"line":12},"1":{"name":"(anonymous_1)","decl":{"start":{"line":15,"column":20},"end":{"line":15,"column":21}},"loc":{"start":{"line":15,"column":49},"end":{"line":17,"column":7}},"line":15}},"branchMap":{},"s":{"0":2,"1":1,"2":0,"3":2},"f":{"0":1,"1":0},"b":{},"_coverageSchema":"1a1c01bbd47fc00a2c39e90264f33305004495a9","hash":"b99ff473ccf477a5dc4765781adf169b48cf883c"}
,"/Users/thomassantosa/localbook/udemy/reactdev/crwn-clothing/client/src/components/form-input/form-input.component.jsx": {"path":"/Users/thomassantosa/localbook/udemy/reactdev/crwn-clothing/client/src/components/form-input/form-input.component.jsx","statementMap":{"0":{"start":{"line":11,"column":25},"end":{"line":22,"column":1}},"1":{"start":{"line":12,"column":2},"end":{"line":21,"column":4}}},"fnMap":{"0":{"name":"(anonymous_0)","decl":{"start":{"line":11,"column":25},"end":{"line":11,"column":26}},"loc":{"start":{"line":11,"column":64},"end":{"line":22,"column":1}},"line":11}},"branchMap":{"0":{"loc":{"start":{"line":15,"column":7},"end":{"line":19,"column":14}},"type":"cond-expr","locations":[{"start":{"line":16,"column":8},"end":{"line":18,"column":25}},{"start":{"line":19,"column":10},"end":{"line":19,"column":14}}],"line":15},"1":{"loc":{"start":{"line":16,"column":38},"end":{"line":16,"column":72}},"type":"cond-expr","locations":[{"start":{"line":16,"column":59},"end":{"line":16,"column":67}},{"start":{"line":16,"column":70},"end":{"line":16,"column":72}}],"line":16}},"s":{"0":2,"1":5},"f":{"0":5},"b":{"0":[4,1],"1":[4,0]},"_coverageSchema":"1a1c01bbd47fc00a2c39e90264f33305004495a9","hash":"d9ea6b32a2bdf19189c59004398663028bfbca6c"}
,"/Users/thomassantosa/localbook/udemy/reactdev/crwn-clothing/client/src/components/form-input/form-input.styles.jsx": {"path":"/Users/thomassantosa/localbook/udemy/reactdev/crwn-clothing/client/src/components/form-input/form-input.styles.jsx","statementMap":{"0":{"start":{"line":3,"column":17},"end":{"line":3,"column":23}},"1":{"start":{"line":4,"column":18},"end":{"line":4,"column":25}},"2":{"start":{"line":6,"column":26},"end":{"line":10,"column":1}},"3":{"start":{"line":12,"column":30},"end":{"line":18,"column":1}},"4":{"start":{"line":20,"column":34},"end":{"line":40,"column":1}},"5":{"start":{"line":41,"column":0},"end":{"line":41,"column":54}},"6":{"start":{"line":42,"column":30},"end":{"line":54,"column":1}},"7":{"start":{"line":55,"column":0},"end":{"line":55,"column":46}}},"fnMap":{},"branchMap":{},"s":{"0":2,"1":2,"2":2,"3":2,"4":2,"5":2,"6":2,"7":2},"f":{},"b":{},"_coverageSchema":"1a1c01bbd47fc00a2c39e90264f33305004495a9","hash":"f74df019f7839c3fe85cfe25f5bd5bd676affe56"}
,"/Users/thomassantosa/localbook/udemy/reactdev/crwn-clothing/client/src/components/header/header.component.jsx": {"path":"/Users/thomassantosa/localbook/udemy/reactdev/crwn-clothing/client/src/components/header/header.component.jsx","statementMap":{"0":{"start":{"line":24,"column":22},"end":{"line":45,"column":1}},"1":{"start":{"line":25,"column":2},"end":{"line":44,"column":4}},"2":{"start":{"line":47,"column":24},"end":{"line":50,"column":2}},"3":{"start":{"line":51,"column":27},"end":{"line":53,"column":2}},"4":{"start":{"line":51,"column":42},"end":{"line":53,"column":1}},"5":{"start":{"line":52,"column":22},"end":{"line":52,"column":46}}},"fnMap":{"0":{"name":"(anonymous_0)","decl":{"start":{"line":24,"column":22},"end":{"line":24,"column":23}},"loc":{"start":{"line":24,"column":65},"end":{"line":45,"column":1}},"line":24},"1":{"name":"(anonymous_1)","decl":{"start":{"line":51,"column":27},"end":{"line":51,"column":28}},"loc":{"start":{"line":51,"column":42},"end":{"line":53,"column":1}},"line":51},"2":{"name":"(anonymous_2)","decl":{"start":{"line":52,"column":16},"end":{"line":52,"column":17}},"loc":{"start":{"line":52,"column":22},"end":{"line":52,"column":46}},"line":52}},"branchMap":{"0":{"loc":{"start":{"line":33,"column":9},"end":{"line":39,"column":9}},"type":"cond-expr","locations":[{"start":{"line":34,"column":10},"end":{"line":36,"column":23}},{"start":{"line":38,"column":10},"end":{"line":38,"column":57}}],"line":33},"1":{"loc":{"start":{"line":42,"column":7},"end":{"line":42,"column":39}},"type":"cond-expr","locations":[{"start":{"line":42,"column":16},"end":{"line":42,"column":20}},{"start":{"line":42,"column":23},"end":{"line":42,"column":39}}],"line":42}},"s":{"0":1,"1":8,"2":1,"3":1,"4":0,"5":0},"f":{"0":8,"1":0,"2":0},"b":{"0":[6,2],"1":[7,1]},"_coverageSchema":"1a1c01bbd47fc00a2c39e90264f33305004495a9","hash":"58976b2759bfa2c58d28514eb20a47583d6b431f"}
,"/Users/thomassantosa/localbook/udemy/reactdev/crwn-clothing/client/src/components/header/header.styles.jsx": {"path":"/Users/thomassantosa/localbook/udemy/reactdev/crwn-clothing/client/src/components/header/header.styles.jsx","statementMap":{"0":{"start":{"line":9,"column":31},"end":{"line":20,"column":1}},"1":{"start":{"line":22,"column":29},"end":{"line":30,"column":1}},"2":{"start":{"line":32,"column":32},"end":{"line":41,"column":1}},"3":{"start":{"line":43,"column":26},"end":{"line":46,"column":1}},"4":{"start":{"line":48,"column":0},"end":{"line":48,"column":38}}},"fnMap":{},"branchMap":{},"s":{"0":1,"1":1,"2":1,"3":1,"4":1},"f":{},"b":{},"_coverageSchema":"1a1c01bbd47fc00a2c39e90264f33305004495a9","hash":"da78b9026996d7f09489b42998efa4ce5d243726"}
,"/Users/thomassantosa/localbook/udemy/reactdev/crwn-clothing/client/src/components/menu-item/menu-item.component.jsx": {"path":"/Users/thomassantosa/localbook/udemy/reactdev/crwn-clothing/client/src/components/menu-item/menu-item.component.jsx","statementMap":{"0":{"start":{"line":14,"column":24},"end":{"line":37,"column":1}},"1":{"start":{"line":22,"column":2},"end":{"line":36,"column":4}},"2":{"start":{"line":25,"column":21},"end":{"line":25,"column":59}}},"fnMap":{"0":{"name":"(anonymous_0)","decl":{"start":{"line":14,"column":24},"end":{"line":14,"column":25}},"loc":{"start":{"line":21,"column":6},"end":{"line":37,"column":1}},"line":21},"1":{"name":"(anonymous_1)","decl":{"start":{"line":25,"column":15},"end":{"line":25,"column":16}},"loc":{"start":{"line":25,"column":21},"end":{"line":25,"column":59}},"line":25}},"branchMap":{},"s":{"0":3,"1":4,"2":1},"f":{"0":4,"1":1},"b":{},"_coverageSchema":"1a1c01bbd47fc00a2c39e90264f33305004495a9","hash":"7f5140b203cadd68ea124cbf1a3d6fe7f8eb0ba4"}
,"/Users/thomassantosa/localbook/udemy/reactdev/crwn-clothing/client/src/components/menu-item/menu-item.styles.jsx": {"path":"/Users/thomassantosa/localbook/udemy/reactdev/crwn-clothing/client/src/components/menu-item/menu-item.styles.jsx","statementMap":{"0":{"start":{"line":18,"column":33},"end":{"line":48,"column":1}},"1":{"start":{"line":19,"column":27},"end":{"line":19,"column":51}},"2":{"start":{"line":50,"column":0},"end":{"line":50,"column":52}},"3":{"start":{"line":52,"column":40},"end":{"line":58,"column":1}},"4":{"start":{"line":57,"column":40},"end":{"line":57,"column":58}},"5":{"start":{"line":60,"column":0},"end":{"line":60,"column":66}},"6":{"start":{"line":62,"column":32},"end":{"line":73,"column":1}},"7":{"start":{"line":75,"column":28},"end":{"line":80,"column":1}},"8":{"start":{"line":82,"column":31},"end":{"line":85,"column":1}}},"fnMap":{"0":{"name":"(anonymous_0)","decl":{"start":{"line":19,"column":12},"end":{"line":19,"column":13}},"loc":{"start":{"line":19,"column":27},"end":{"line":19,"column":51}},"line":19},"1":{"name":"(anonymous_1)","decl":{"start":{"line":57,"column":22},"end":{"line":57,"column":23}},"loc":{"start":{"line":57,"column":40},"end":{"line":57,"column":58}},"line":57}},"branchMap":{"0":{"loc":{"start":{"line":19,"column":27},"end":{"line":19,"column":51}},"type":"cond-expr","locations":[{"start":{"line":19,"column":34},"end":{"line":19,"column":41}},{"start":{"line":19,"column":44},"end":{"line":19,"column":51}}],"line":19}},"s":{"0":3,"1":0,"2":3,"3":3,"4":0,"5":3,"6":3,"7":3,"8":3},"f":{"0":0,"1":0},"b":{"0":[0,0]},"_coverageSchema":"1a1c01bbd47fc00a2c39e90264f33305004495a9","hash":"75a72c94c03ae42a94872dfe899aee70305554c7"}
,"/Users/thomassantosa/localbook/udemy/reactdev/crwn-clothing/client/src/components/spinner/spinner.component.jsx": {"path":"/Users/thomassantosa/localbook/udemy/reactdev/crwn-clothing/client/src/components/spinner/spinner.component.jsx","statementMap":{"0":{"start":{"line":4,"column":16},"end":{"line":8,"column":1}},"1":{"start":{"line":5,"column":2},"end":{"line":7,"column":19}}},"fnMap":{"0":{"name":"(anonymous_0)","decl":{"start":{"line":4,"column":16},"end":{"line":4,"column":17}},"loc":{"start":{"line":5,"column":2},"end":{"line":7,"column":19}},"line":5}},"branchMap":{},"s":{"0":2,"1":0},"f":{"0":0},"b":{},"_coverageSchema":"1a1c01bbd47fc00a2c39e90264f33305004495a9","hash":"6d0df1b9113d8264844cc21f5b912fc541110751"}
,"/Users/thomassantosa/localbook/udemy/reactdev/crwn-clothing/client/src/components/with-spinner/with-spinner.component.jsx": {"path":"/Users/thomassantosa/localbook/udemy/reactdev/crwn-clothing/client/src/components/with-spinner/with-spinner.component.jsx","statementMap":{"0":{"start":{"line":5,"column":20},"end":{"line":7,"column":1}},"1":{"start":{"line":5,"column":42},"end":{"line":7,"column":1}},"2":{"start":{"line":6,"column":2},"end":{"line":6,"column":72}}},"fnMap":{"0":{"name":"(anonymous_0)","decl":{"start":{"line":5,"column":20},"end":{"line":5,"column":21}},"loc":{"start":{"line":5,"column":42},"end":{"line":7,"column":1}},"line":5},"1":{"name":"(anonymous_1)","decl":{"start":{"line":5,"column":42},"end":{"line":5,"column":43}},"loc":{"start":{"line":5,"column":76},"end":{"line":7,"column":1}},"line":5}},"branchMap":{"0":{"loc":{"start":{"line":6,"column":9},"end":{"line":6,"column":71}},"type":"cond-expr","locations":[{"start":{"line":6,"column":21},"end":{"line":6,"column":32}},{"start":{"line":6,"column":35},"end":{"line":6,"column":71}}],"line":6}},"s":{"0":1,"1":1,"2":4},"f":{"0":1,"1":4},"b":{"0":[2,2]},"_coverageSchema":"1a1c01bbd47fc00a2c39e90264f33305004495a9","hash":"12e96bf12041dc23b3ef4a1d965c8db167287d29"}
,"/Users/thomassantosa/localbook/udemy/reactdev/crwn-clothing/client/src/firebase/firebase.utils.js": {"path":"/Users/thomassantosa/localbook/udemy/reactdev/crwn-clothing/client/src/firebase/firebase.utils.js","statementMap":{"0":{"start":{"line":6,"column":15},"end":{"line":14,"column":1}},"1":{"start":{"line":15,"column":0},"end":{"line":15,"column":31}},"2":{"start":{"line":17,"column":41},"end":{"line":66,"column":1}},"3":{"start":{"line":18,"column":2},"end":{"line":18,"column":24}},"4":{"start":{"line":18,"column":17},"end":{"line":18,"column":24}},"5":{"start":{"line":43,"column":18},"end":{"line":43,"column":56}},"6":{"start":{"line":45,"column":19},"end":{"line":45,"column":38}},"7":{"start":{"line":51,"column":2},"end":{"line":64,"column":3}},"8":{"start":{"line":52,"column":35},"end":{"line":52,"column":43}},"9":{"start":{"line":53,"column":22},"end":{"line":53,"column":32}},"10":{"start":{"line":54,"column":4},"end":{"line":63,"column":5}},"11":{"start":{"line":55,"column":6},"end":{"line":60,"column":9}},"12":{"start":{"line":62,"column":6},"end":{"line":62,"column":54}},"13":{"start":{"line":65,"column":2},"end":{"line":65,"column":17}},"14":{"start":{"line":68,"column":30},"end":{"line":81,"column":1}},"15":{"start":{"line":69,"column":19},"end":{"line":69,"column":78}},"16":{"start":{"line":70,"column":19},"end":{"line":70,"column":39}},"17":{"start":{"line":71,"column":2},"end":{"line":80,"column":3}},"18":{"start":{"line":72,"column":23},"end":{"line":72,"column":58}},"19":{"start":{"line":73,"column":4},"end":{"line":76,"column":7}},"20":{"start":{"line":77,"column":4},"end":{"line":77,"column":22}},"21":{"start":{"line":79,"column":4},"end":{"line":79,"column":32}},"22":{"start":{"line":84,"column":41},"end":{"line":108,"column":1}},"23":{"start":{"line":89,"column":24},"end":{"line":89,"column":59}},"24":{"start":{"line":95,"column":16},"end":{"line":95,"column":33}},"25":{"start":{"line":96,"column":2},"end":{"line":105,"column":5}},"26":{"start":{"line":98,"column":22},"end":{"line":98,"column":41}},"27":{"start":{"line":104,"column":4},"end":{"line":104,"column":30}},"28":{"start":{"line":107,"column":2},"end":{"line":107,"column":30}},"29":{"start":{"line":110,"column":47},"end":{"line":129,"column":1}},"30":{"start":{"line":111,"column":32},"end":{"line":119,"column":4}},"31":{"start":{"line":112,"column":29},"end":{"line":112,"column":39}},"32":{"start":{"line":113,"column":4},"end":{"line":118,"column":6}},"33":{"start":{"line":125,"column":2},"end":{"line":128,"column":9}},"34":{"start":{"line":126,"column":4},"end":{"line":126,"column":61}},"35":{"start":{"line":127,"column":4},"end":{"line":127,"column":23}},"36":{"start":{"line":131,"column":30},"end":{"line":138,"column":1}},"37":{"start":{"line":132,"column":2},"end":{"line":137,"column":5}},"38":{"start":{"line":133,"column":24},"end":{"line":136,"column":14}},"39":{"start":{"line":134,"column":6},"end":{"line":134,"column":20}},"40":{"start":{"line":135,"column":6},"end":{"line":135,"column":24}},"41":{"start":{"line":140,"column":20},"end":{"line":140,"column":35}},"42":{"start":{"line":141,"column":25},"end":{"line":141,"column":45}},"43":{"start":{"line":143,"column":30},"end":{"line":143,"column":68}},"44":{"start":{"line":144,"column":0},"end":{"line":144,"column":65}},"45":{"start":{"line":145,"column":32},"end":{"line":145,"column":74}},"46":{"start":{"line":145,"column":38},"end":{"line":145,"column":74}}},"fnMap":{"0":{"name":"(anonymous_0)","decl":{"start":{"line":17,"column":41},"end":{"line":17,"column":42}},"loc":{"start":{"line":17,"column":77},"end":{"line":66,"column":1}},"line":17},"1":{"name":"(anonymous_1)","decl":{"start":{"line":68,"column":30},"end":{"line":68,"column":31}},"loc":{"start":{"line":68,"column":48},"end":{"line":81,"column":1}},"line":68},"2":{"name":"(anonymous_2)","decl":{"start":{"line":84,"column":41},"end":{"line":84,"column":42}},"loc":{"start":{"line":87,"column":5},"end":{"line":108,"column":1}},"line":87},"3":{"name":"(anonymous_3)","decl":{"start":{"line":96,"column":23},"end":{"line":96,"column":24}},"loc":{"start":{"line":96,"column":32},"end":{"line":105,"column":3}},"line":96},"4":{"name":"(anonymous_4)","decl":{"start":{"line":110,"column":47},"end":{"line":110,"column":48}},"loc":{"start":{"line":110,"column":64},"end":{"line":129,"column":1}},"line":110},"5":{"name":"(anonymous_5)","decl":{"start":{"line":111,"column":53},"end":{"line":111,"column":54}},"loc":{"start":{"line":111,"column":62},"end":{"line":119,"column":3}},"line":111},"6":{"name":"(anonymous_6)","decl":{"start":{"line":125,"column":38},"end":{"line":125,"column":39}},"loc":{"start":{"line":125,"column":67},"end":{"line":128,"column":3}},"line":125},"7":{"name":"(anonymous_7)","decl":{"start":{"line":131,"column":30},"end":{"line":131,"column":31}},"loc":{"start":{"line":131,"column":36},"end":{"line":138,"column":1}},"line":131},"8":{"name":"(anonymous_8)","decl":{"start":{"line":132,"column":21},"end":{"line":132,"column":22}},"loc":{"start":{"line":132,"column":42},"end":{"line":137,"column":3}},"line":132},"9":{"name":"(anonymous_9)","decl":{"start":{"line":133,"column":48},"end":{"line":133,"column":49}},"loc":{"start":{"line":133,"column":62},"end":{"line":136,"column":5}},"line":133},"10":{"name":"(anonymous_10)","decl":{"start":{"line":145,"column":32},"end":{"line":145,"column":33}},"loc":{"start":{"line":145,"column":38},"end":{"line":145,"column":74}},"line":145}},"branchMap":{"0":{"loc":{"start":{"line":18,"column":2},"end":{"line":18,"column":24}},"type":"if","locations":[{"start":{"line":18,"column":2},"end":{"line":18,"column":24}},{"start":{"line":18,"column":2},"end":{"line":18,"column":24}}],"line":18},"1":{"loc":{"start":{"line":51,"column":2},"end":{"line":64,"column":3}},"type":"if","locations":[{"start":{"line":51,"column":2},"end":{"line":64,"column":3}},{"start":{"line":51,"column":2},"end":{"line":64,"column":3}}],"line":51},"2":{"loc":{"start":{"line":71,"column":2},"end":{"line":80,"column":3}},"type":"if","locations":[{"start":{"line":71,"column":2},"end":{"line":80,"column":3}},{"start":{"line":71,"column":2},"end":{"line":80,"column":3}}],"line":71}},"s":{"0":3,"1":3,"2":3,"3":0,"4":0,"5":0,"6":0,"7":0,"8":0,"9":0,"10":0,"11":0,"12":0,"13":0,"14":3,"15":0,"16":0,"17":0,"18":0,"19":0,"20":0,"21":0,"22":3,"23":0,"24":0,"25":0,"26":0,"27":0,"28":0,"29":3,"30":0,"31":0,"32":0,"33":0,"34":0,"35":0,"36":3,"37":3,"38":3,"39":3,"40":3,"41":3,"42":3,"43":3,"44":3,"45":3,"46":0},"f":{"0":0,"1":0,"2":0,"3":0,"4":0,"5":0,"6":0,"7":3,"8":3,"9":3,"10":0},"b":{"0":[0,0],"1":[0,0],"2":[0,0]},"_coverageSchema":"1a1c01bbd47fc00a2c39e90264f33305004495a9","hash":"46940fca87e1ad7cb9008b1f56c916717d72c8cf"}
,"/Users/thomassantosa/localbook/udemy/reactdev/crwn-clothing/client/src/pages/checkout/checkout.component.jsx": {"path":"/Users/thomassantosa/localbook/udemy/reactdev/crwn-clothing/client/src/pages/checkout/checkout.component.jsx","statementMap":{"0":{"start":{"line":20,"column":28},"end":{"line":55,"column":1}},"1":{"start":{"line":21,"column":2},"end":{"line":54,"column":4}},"2":{"start":{"line":41,"column":8},"end":{"line":41,"column":62}},"3":{"start":{"line":56,"column":24},"end":{"line":59,"column":2}}},"fnMap":{"0":{"name":"(anonymous_0)","decl":{"start":{"line":20,"column":28},"end":{"line":20,"column":29}},"loc":{"start":{"line":20,"column":54},"end":{"line":55,"column":1}},"line":20},"1":{"name":"(anonymous_1)","decl":{"start":{"line":40,"column":21},"end":{"line":40,"column":22}},"loc":{"start":{"line":41,"column":8},"end":{"line":41,"column":62}},"line":41}},"branchMap":{},"s":{"0":1,"1":1,"2":0,"3":1},"f":{"0":1,"1":0},"b":{},"_coverageSchema":"1a1c01bbd47fc00a2c39e90264f33305004495a9","hash":"b81a4c16146d76a4e3387c246d97717cc0848e78"}
,"/Users/thomassantosa/localbook/udemy/reactdev/crwn-clothing/client/src/pages/collection/collection.component.jsx": {"path":"/Users/thomassantosa/localbook/udemy/reactdev/crwn-clothing/client/src/pages/collection/collection.component.jsx","statementMap":{"0":{"start":{"line":12,"column":30},"end":{"line":25,"column":1}},"1":{"start":{"line":13,"column":27},"end":{"line":13,"column":37}},"2":{"start":{"line":15,"column":2},"end":{"line":24,"column":4}},"3":{"start":{"line":20,"column":10},"end":{"line":20,"column":54}},"4":{"start":{"line":27,"column":24},"end":{"line":29,"column":2}},"5":{"start":{"line":27,"column":46},"end":{"line":29,"column":1}}},"fnMap":{"0":{"name":"(anonymous_0)","decl":{"start":{"line":12,"column":30},"end":{"line":12,"column":31}},"loc":{"start":{"line":12,"column":50},"end":{"line":25,"column":1}},"line":12},"1":{"name":"(anonymous_1)","decl":{"start":{"line":19,"column":19},"end":{"line":19,"column":20}},"loc":{"start":{"line":20,"column":10},"end":{"line":20,"column":54}},"line":20},"2":{"name":"(anonymous_2)","decl":{"start":{"line":27,"column":24},"end":{"line":27,"column":25}},"loc":{"start":{"line":27,"column":46},"end":{"line":29,"column":1}},"line":27}},"branchMap":{},"s":{"0":1,"1":2,"2":2,"3":6,"4":1,"5":0},"f":{"0":2,"1":6,"2":0},"b":{},"_coverageSchema":"1a1c01bbd47fc00a2c39e90264f33305004495a9","hash":"474a679040d6fce7a4f4bf7c40e7c357d3322902"}
,"/Users/thomassantosa/localbook/udemy/reactdev/crwn-clothing/client/src/pages/collection/collection.styles.jsx": {"path":"/Users/thomassantosa/localbook/udemy/reactdev/crwn-clothing/client/src/pages/collection/collection.styles.jsx","statementMap":{"0":{"start":{"line":3,"column":39},"end":{"line":6,"column":1}},"1":{"start":{"line":8,"column":31},"end":{"line":11,"column":1}},"2":{"start":{"line":13,"column":40},"end":{"line":21,"column":1}},"3":{"start":{"line":22,"column":0},"end":{"line":22,"column":66}}},"fnMap":{},"branchMap":{},"s":{"0":1,"1":1,"2":1,"3":1},"f":{},"b":{},"_coverageSchema":"1a1c01bbd47fc00a2c39e90264f33305004495a9","hash":"1ccb27f3c230e44811526ee1b193598f84088bef"}
,"/Users/thomassantosa/localbook/udemy/reactdev/crwn-clothing/client/src/pages/homepage/homepage.component.jsx": {"path":"/Users/thomassantosa/localbook/udemy/reactdev/crwn-clothing/client/src/pages/homepage/homepage.component.jsx","statementMap":{"0":{"start":{"line":8,"column":24},"end":{"line":22,"column":1}},"1":{"start":{"line":10,"column":2},"end":{"line":21,"column":4}},"2":{"start":{"line":15,"column":10},"end":{"line":15,"column":75}}},"fnMap":{"0":{"name":"(anonymous_0)","decl":{"start":{"line":8,"column":24},"end":{"line":8,"column":25}},"loc":{"start":{"line":8,"column":30},"end":{"line":22,"column":1}},"line":8},"1":{"name":"(anonymous_1)","decl":{"start":{"line":14,"column":18},"end":{"line":14,"column":19}},"loc":{"start":{"line":14,"column":49},"end":{"line":16,"column":9}},"line":14}},"branchMap":{},"s":{"0":1,"1":1,"2":0},"f":{"0":1,"1":0},"b":{},"_coverageSchema":"1a1c01bbd47fc00a2c39e90264f33305004495a9","hash":"123d6d7e0234eccde21548d4386a54ac0b4218dd"}
,"/Users/thomassantosa/localbook/udemy/reactdev/crwn-clothing/client/src/pages/shop/shop.component.jsx": {"path":"/Users/thomassantosa/localbook/udemy/reactdev/crwn-clothing/client/src/pages/shop/shop.component.jsx","statementMap":{"0":{"start":{"line":12,"column":37},"end":{"line":14,"column":1}},"1":{"start":{"line":13,"column":2},"end":{"line":13,"column":80}},"2":{"start":{"line":15,"column":32},"end":{"line":17,"column":1}},"3":{"start":{"line":16,"column":2},"end":{"line":16,"column":46}},"4":{"start":{"line":20,"column":24},"end":{"line":40,"column":1}},"5":{"start":{"line":21,"column":2},"end":{"line":23,"column":30}},"6":{"start":{"line":22,"column":4},"end":{"line":22,"column":28}},"7":{"start":{"line":25,"column":2},"end":{"line":39,"column":4}},"8":{"start":{"line":42,"column":27},"end":{"line":44,"column":2}},"9":{"start":{"line":42,"column":42},"end":{"line":44,"column":1}},"10":{"start":{"line":43,"column":31},"end":{"line":43,"column":64}}},"fnMap":{"0":{"name":"(anonymous_0)","decl":{"start":{"line":12,"column":42},"end":{"line":12,"column":43}},"loc":{"start":{"line":13,"column":2},"end":{"line":13,"column":80}},"line":13},"1":{"name":"(anonymous_1)","decl":{"start":{"line":15,"column":37},"end":{"line":15,"column":38}},"loc":{"start":{"line":16,"column":2},"end":{"line":16,"column":46}},"line":16},"2":{"name":"(anonymous_2)","decl":{"start":{"line":20,"column":24},"end":{"line":20,"column":25}},"loc":{"start":{"line":20,"column":62},"end":{"line":40,"column":1}},"line":20},"3":{"name":"(anonymous_3)","decl":{"start":{"line":21,"column":12},"end":{"line":21,"column":13}},"loc":{"start":{"line":21,"column":18},"end":{"line":23,"column":3}},"line":21},"4":{"name":"(anonymous_4)","decl":{"start":{"line":42,"column":27},"end":{"line":42,"column":28}},"loc":{"start":{"line":42,"column":42},"end":{"line":44,"column":1}},"line":42},"5":{"name":"(anonymous_5)","decl":{"start":{"line":43,"column":25},"end":{"line":43,"column":26}},"loc":{"start":{"line":43,"column":31},"end":{"line":43,"column":64}},"line":43}},"branchMap":{},"s":{"0":1,"1":0,"2":1,"3":0,"4":1,"5":0,"6":0,"7":0,"8":1,"9":0,"10":0},"f":{"0":0,"1":0,"2":0,"3":0,"4":0,"5":0},"b":{},"_coverageSchema":"1a1c01bbd47fc00a2c39e90264f33305004495a9","hash":"d908f99eb0a5eb9f57470f8e89c838ab27207f91"}
,"/Users/thomassantosa/localbook/udemy/reactdev/crwn-clothing/client/src/pages/shop/shop.styles.jsx": {"path":"/Users/thomassantosa/localbook/udemy/reactdev/crwn-clothing/client/src/pages/shop/shop.styles.jsx","statementMap":{"0":{"start":{"line":3,"column":33},"end":{"line":5,"column":1}}},"fnMap":{},"branchMap":{},"s":{"0":1},"f":{},"b":{},"_coverageSchema":"1a1c01bbd47fc00a2c39e90264f33305004495a9","hash":"dd094ea150006ad35485ceaea024a8d9e37520f5"}
,"/Users/thomassantosa/localbook/udemy/reactdev/crwn-clothing/client/src/pages/sign-in-and-sign-up/sign-in-and-sign-up.component.jsx": {"path":"/Users/thomassantosa/localbook/udemy/reactdev/crwn-clothing/client/src/pages/sign-in-and-sign-up/sign-in-and-sign-up.component.jsx","statementMap":{"0":{"start":{"line":9,"column":35},"end":{"line":16,"column":1}},"1":{"start":{"line":10,"column":2},"end":{"line":15,"column":4}}},"fnMap":{"0":{"name":"(anonymous_0)","decl":{"start":{"line":9,"column":35},"end":{"line":9,"column":36}},"loc":{"start":{"line":9,"column":41},"end":{"line":16,"column":1}},"line":9}},"branchMap":{},"s":{"0":1,"1":1},"f":{"0":1},"b":{},"_coverageSchema":"1a1c01bbd47fc00a2c39e90264f33305004495a9","hash":"ed822de1f247fc8b0e5d4c7274a7c71fc5bbedde"}
,"/Users/thomassantosa/localbook/udemy/reactdev/crwn-clothing/client/src/redux/saga-testing.utils.js": {"path":"/Users/thomassantosa/localbook/udemy/reactdev/crwn-clothing/client/src/redux/saga-testing.utils.js","statementMap":{"0":{"start":{"line":4,"column":21},"end":{"line":4,"column":23}},"1":{"start":{"line":6,"column":2},"end":{"line":12,"column":9}},"2":{"start":{"line":8,"column":28},"end":{"line":8,"column":51}},"3":{"start":{"line":14,"column":2},"end":{"line":14,"column":20}}},"fnMap":{"0":{"name":"recordSaga","decl":{"start":{"line":3,"column":22},"end":{"line":3,"column":32}},"loc":{"start":{"line":3,"column":54},"end":{"line":15,"column":1}},"line":3},"1":{"name":"(anonymous_1)","decl":{"start":{"line":8,"column":16},"end":{"line":8,"column":17}},"loc":{"start":{"line":8,"column":28},"end":{"line":8,"column":51}},"line":8}},"branchMap":{},"s":{"0":0,"1":0,"2":0,"3":0},"f":{"0":0,"1":0},"b":{}}
,"/Users/thomassantosa/localbook/udemy/reactdev/crwn-clothing/client/src/redux/cart/cart.actions.js": {"path":"/Users/thomassantosa/localbook/udemy/reactdev/crwn-clothing/client/src/redux/cart/cart.actions.js","statementMap":{"0":{"start":{"line":3,"column":32},"end":{"line":5,"column":2}},"1":{"start":{"line":3,"column":39},"end":{"line":5,"column":1}},"2":{"start":{"line":7,"column":23},"end":{"line":10,"column":2}},"3":{"start":{"line":7,"column":34},"end":{"line":10,"column":1}},"4":{"start":{"line":12,"column":33},"end":{"line":15,"column":2}},"5":{"start":{"line":12,"column":44},"end":{"line":15,"column":1}},"6":{"start":{"line":17,"column":26},"end":{"line":20,"column":2}},"7":{"start":{"line":17,"column":37},"end":{"line":20,"column":1}},"8":{"start":{"line":22,"column":25},"end":{"line":24,"column":2}},"9":{"start":{"line":22,"column":32},"end":{"line":24,"column":1}},"10":{"start":{"line":26,"column":36},"end":{"line":28,"column":2}},"11":{"start":{"line":26,"column":43},"end":{"line":28,"column":1}},"12":{"start":{"line":30,"column":35},"end":{"line":33,"column":2}},"13":{"start":{"line":30,"column":51},"end":{"line":33,"column":1}}},"fnMap":{"0":{"name":"(anonymous_0)","decl":{"start":{"line":3,"column":32},"end":{"line":3,"column":33}},"loc":{"start":{"line":3,"column":39},"end":{"line":5,"column":1}},"line":3},"1":{"name":"(anonymous_1)","decl":{"start":{"line":7,"column":23},"end":{"line":7,"column":24}},"loc":{"start":{"line":7,"column":34},"end":{"line":10,"column":1}},"line":7},"2":{"name":"(anonymous_2)","decl":{"start":{"line":12,"column":33},"end":{"line":12,"column":34}},"loc":{"start":{"line":12,"column":44},"end":{"line":15,"column":1}},"line":12},"3":{"name":"(anonymous_3)","decl":{"start":{"line":17,"column":26},"end":{"line":17,"column":27}},"loc":{"start":{"line":17,"column":37},"end":{"line":20,"column":1}},"line":17},"4":{"name":"(anonymous_4)","decl":{"start":{"line":22,"column":25},"end":{"line":22,"column":26}},"loc":{"start":{"line":22,"column":32},"end":{"line":24,"column":1}},"line":22},"5":{"name":"(anonymous_5)","decl":{"start":{"line":26,"column":36},"end":{"line":26,"column":37}},"loc":{"start":{"line":26,"column":43},"end":{"line":28,"column":1}},"line":26},"6":{"name":"(anonymous_6)","decl":{"start":{"line":30,"column":35},"end":{"line":30,"column":36}},"loc":{"start":{"line":30,"column":51},"end":{"line":33,"column":1}},"line":30}},"branchMap":{},"s":{"0":11,"1":3,"2":11,"3":1,"4":11,"5":1,"6":11,"7":1,"8":11,"9":3,"10":11,"11":0,"12":11,"13":0},"f":{"0":3,"1":1,"2":1,"3":1,"4":3,"5":0,"6":0},"b":{},"_coverageSchema":"1a1c01bbd47fc00a2c39e90264f33305004495a9","hash":"fa1f874995d467a426dc3424670354627f4ffdca"}
,"/Users/thomassantosa/localbook/udemy/reactdev/crwn-clothing/client/src/redux/cart/cart.reducers.js": {"path":"/Users/thomassantosa/localbook/udemy/reactdev/crwn-clothing/client/src/redux/cart/cart.reducers.js","statementMap":{"0":{"start":{"line":4,"column":22},"end":{"line":7,"column":1}},"1":{"start":{"line":9,"column":20},"end":{"line":46,"column":1}},"2":{"start":{"line":10,"column":2},"end":{"line":45,"column":3}},"3":{"start":{"line":12,"column":6},"end":{"line":15,"column":8}},"4":{"start":{"line":17,"column":6},"end":{"line":20,"column":8}},"5":{"start":{"line":22,"column":6},"end":{"line":27,"column":8}},"6":{"start":{"line":25,"column":24},"end":{"line":25,"column":57}},"7":{"start":{"line":29,"column":6},"end":{"line":32,"column":8}},"8":{"start":{"line":34,"column":6},"end":{"line":37,"column":8}},"9":{"start":{"line":39,"column":6},"end":{"line":42,"column":8}},"10":{"start":{"line":44,"column":6},"end":{"line":44,"column":19}}},"fnMap":{"0":{"name":"(anonymous_0)","decl":{"start":{"line":9,"column":20},"end":{"line":9,"column":21}},"loc":{"start":{"line":9,"column":55},"end":{"line":46,"column":1}},"line":9},"1":{"name":"(anonymous_1)","decl":{"start":{"line":25,"column":10},"end":{"line":25,"column":11}},"loc":{"start":{"line":25,"column":24},"end":{"line":25,"column":57}},"line":25}},"branchMap":{"0":{"loc":{"start":{"line":9,"column":21},"end":{"line":9,"column":42}},"type":"default-arg","locations":[{"start":{"line":9,"column":29},"end":{"line":9,"column":42}}],"line":9},"1":{"loc":{"start":{"line":10,"column":2},"end":{"line":45,"column":3}},"type":"switch","locations":[{"start":{"line":11,"column":4},"end":{"line":15,"column":8}},{"start":{"line":16,"column":4},"end":{"line":20,"column":8}},{"start":{"line":21,"column":4},"end":{"line":27,"column":8}},{"start":{"line":28,"column":4},"end":{"line":32,"column":8}},{"start":{"line":33,"column":4},"end":{"line":37,"column":8}},{"start":{"line":38,"column":4},"end":{"line":42,"column":8}},{"start":{"line":43,"column":4},"end":{"line":44,"column":19}}],"line":10}},"s":{"0":1,"1":1,"2":6,"3":1,"4":1,"5":1,"6":2,"7":1,"8":1,"9":0,"10":1},"f":{"0":6,"1":2},"b":{"0":[1],"1":[1,1,1,1,1,0,1]},"_coverageSchema":"1a1c01bbd47fc00a2c39e90264f33305004495a9","hash":"9ce313cc2aa7e7c0782090bab0aefcf39100f97e"}
,"/Users/thomassantosa/localbook/udemy/reactdev/crwn-clothing/client/src/redux/cart/cart.sagas.js": {"path":"/Users/thomassantosa/localbook/udemy/reactdev/crwn-clothing/client/src/redux/cart/cart.sagas.js","statementMap":{"0":{"start":{"line":10,"column":22},"end":{"line":10,"column":53}},"1":{"start":{"line":11,"column":2},"end":{"line":19,"column":3}},"2":{"start":{"line":12,"column":4},"end":{"line":18,"column":5}},"3":{"start":{"line":13,"column":22},"end":{"line":13,"column":58}},"4":{"start":{"line":14,"column":24},"end":{"line":14,"column":53}},"5":{"start":{"line":15,"column":6},"end":{"line":15,"column":42}},"6":{"start":{"line":17,"column":6},"end":{"line":17,"column":25}},"7":{"start":{"line":23,"column":18},"end":{"line":23,"column":47}},"8":{"start":{"line":25,"column":23},"end":{"line":25,"column":42}},"9":{"start":{"line":26,"column":2},"end":{"line":26,"column":64}},"10":{"start":{"line":29,"column":2},"end":{"line":29,"column":25}},"11":{"start":{"line":32,"column":2},"end":{"line":32,"column":73}},"12":{"start":{"line":36,"column":2},"end":{"line":36,"column":75}},"13":{"start":{"line":40,"column":2},"end":{"line":47,"column":4}},"14":{"start":{"line":51,"column":2},"end":{"line":51,"column":78}}},"fnMap":{"0":{"name":"updateCartInFirebase","decl":{"start":{"line":9,"column":17},"end":{"line":9,"column":37}},"loc":{"start":{"line":9,"column":40},"end":{"line":20,"column":1}},"line":9},"1":{"name":"checkCartFromFirebase","decl":{"start":{"line":22,"column":17},"end":{"line":22,"column":38}},"loc":{"start":{"line":22,"column":58},"end":{"line":27,"column":1}},"line":22},"2":{"name":"clearCartOnSignOut","decl":{"start":{"line":28,"column":17},"end":{"line":28,"column":35}},"loc":{"start":{"line":28,"column":38},"end":{"line":30,"column":1}},"line":28},"3":{"name":"onSignOutSuccess","decl":{"start":{"line":31,"column":17},"end":{"line":31,"column":33}},"loc":{"start":{"line":31,"column":36},"end":{"line":33,"column":1}},"line":31},"4":{"name":"onUserSignIn","decl":{"start":{"line":35,"column":17},"end":{"line":35,"column":29}},"loc":{"start":{"line":35,"column":32},"end":{"line":37,"column":1}},"line":35},"5":{"name":"onCartChange","decl":{"start":{"line":39,"column":17},"end":{"line":39,"column":29}},"loc":{"start":{"line":39,"column":32},"end":{"line":48,"column":1}},"line":39},"6":{"name":"cartSagas","decl":{"start":{"line":50,"column":17},"end":{"line":50,"column":26}},"loc":{"start":{"line":50,"column":29},"end":{"line":52,"column":1}},"line":50}},"branchMap":{"0":{"loc":{"start":{"line":11,"column":2},"end":{"line":19,"column":3}},"type":"if","locations":[{"start":{"line":11,"column":2},"end":{"line":19,"column":3}},{"start":{"line":11,"column":2},"end":{"line":19,"column":3}}],"line":11}},"s":{"0":0,"1":0,"2":0,"3":0,"4":0,"5":0,"6":0,"7":0,"8":0,"9":0,"10":1,"11":1,"12":0,"13":0,"14":0},"f":{"0":0,"1":0,"2":1,"3":1,"4":0,"5":0,"6":0},"b":{"0":[0,0]},"_coverageSchema":"1a1c01bbd47fc00a2c39e90264f33305004495a9","hash":"1841cf9c16ed92fc69c845f16cf6ff35437e284c"}
,"/Users/thomassantosa/localbook/udemy/reactdev/crwn-clothing/client/src/redux/cart/cart.types.js": {"path":"/Users/thomassantosa/localbook/udemy/reactdev/crwn-clothing/client/src/redux/cart/cart.types.js","statementMap":{"0":{"start":{"line":1,"column":24},"end":{"line":9,"column":1}}},"fnMap":{},"branchMap":{},"s":{"0":12},"f":{},"b":{},"_coverageSchema":"1a1c01bbd47fc00a2c39e90264f33305004495a9","hash":"bcbdcf0f65d8a1990cf463bd5451d78e1fba3ce0"}
,"/Users/thomassantosa/localbook/udemy/reactdev/crwn-clothing/client/src/redux/directory/directory.reducer.js": {"path":"/Users/thomassantosa/localbook/udemy/reactdev/crwn-clothing/client/src/redux/directory/directory.reducer.js","statementMap":{"0":{"start":{"line":1,"column":29},"end":{"line":41,"column":1}},"1":{"start":{"line":42,"column":25},"end":{"line":47,"column":1}},"2":{"start":{"line":43,"column":2},"end":{"line":46,"column":3}},"3":{"start":{"line":45,"column":6},"end":{"line":45,"column":19}}},"fnMap":{"0":{"name":"(anonymous_0)","decl":{"start":{"line":42,"column":25},"end":{"line":42,"column":26}},"loc":{"start":{"line":42,"column":60},"end":{"line":47,"column":1}},"line":42}},"branchMap":{"0":{"loc":{"start":{"line":42,"column":26},"end":{"line":42,"column":47}},"type":"default-arg","locations":[{"start":{"line":42,"column":34},"end":{"line":42,"column":47}}],"line":42},"1":{"loc":{"start":{"line":43,"column":2},"end":{"line":46,"column":3}},"type":"switch","locations":[{"start":{"line":44,"column":4},"end":{"line":45,"column":19}}],"line":43}},"s":{"0":1,"1":1,"2":1,"3":1},"f":{"0":1},"b":{"0":[1],"1":[1]},"_coverageSchema":"1a1c01bbd47fc00a2c39e90264f33305004495a9","hash":"79af8cd884771c600de763fb3bc03dcc8ad0ef92"}
,"/Users/thomassantosa/localbook/udemy/reactdev/crwn-clothing/client/src/redux/shop/shop.actions.js": {"path":"/Users/thomassantosa/localbook/udemy/reactdev/crwn-clothing/client/src/redux/shop/shop.actions.js","statementMap":{"0":{"start":{"line":3,"column":37},"end":{"line":5,"column":2}},"1":{"start":{"line":3,"column":44},"end":{"line":5,"column":1}},"2":{"start":{"line":7,"column":39},"end":{"line":10,"column":2}},"3":{"start":{"line":7,"column":60},"end":{"line":10,"column":1}},"4":{"start":{"line":12,"column":39},"end":{"line":15,"column":2}},"5":{"start":{"line":12,"column":58},"end":{"line":15,"column":1}}},"fnMap":{"0":{"name":"(anonymous_0)","decl":{"start":{"line":3,"column":37},"end":{"line":3,"column":38}},"loc":{"start":{"line":3,"column":44},"end":{"line":5,"column":1}},"line":3},"1":{"name":"(anonymous_1)","decl":{"start":{"line":7,"column":39},"end":{"line":7,"column":40}},"loc":{"start":{"line":7,"column":60},"end":{"line":10,"column":1}},"line":7},"2":{"name":"(anonymous_2)","decl":{"start":{"line":12,"column":39},"end":{"line":12,"column":40}},"loc":{"start":{"line":12,"column":58},"end":{"line":15,"column":1}},"line":12}},"branchMap":{},"s":{"0":3,"1":1,"2":3,"3":2,"4":3,"5":2},"f":{"0":1,"1":2,"2":2},"b":{},"_coverageSchema":"1a1c01bbd47fc00a2c39e90264f33305004495a9","hash":"1594faa4fca64b3e5714f56a850fd272b6f67e33"}
,"/Users/thomassantosa/localbook/udemy/reactdev/crwn-clothing/client/src/redux/shop/shop.reducer.js": {"path":"/Users/thomassantosa/localbook/udemy/reactdev/crwn-clothing/client/src/redux/shop/shop.reducer.js","statementMap":{"0":{"start":{"line":3,"column":22},"end":{"line":7,"column":1}},"1":{"start":{"line":9,"column":20},"end":{"line":31,"column":1}},"2":{"start":{"line":10,"column":2},"end":{"line":30,"column":3}},"3":{"start":{"line":12,"column":6},"end":{"line":15,"column":8}},"4":{"start":{"line":17,"column":6},"end":{"line":21,"column":8}},"5":{"start":{"line":23,"column":6},"end":{"line":27,"column":8}},"6":{"start":{"line":29,"column":6},"end":{"line":29,"column":19}}},"fnMap":{"0":{"name":"(anonymous_0)","decl":{"start":{"line":9,"column":20},"end":{"line":9,"column":21}},"loc":{"start":{"line":9,"column":55},"end":{"line":31,"column":1}},"line":9}},"branchMap":{"0":{"loc":{"start":{"line":9,"column":21},"end":{"line":9,"column":42}},"type":"default-arg","locations":[{"start":{"line":9,"column":29},"end":{"line":9,"column":42}}],"line":9},"1":{"loc":{"start":{"line":10,"column":2},"end":{"line":30,"column":3}},"type":"switch","locations":[{"start":{"line":11,"column":4},"end":{"line":15,"column":8}},{"start":{"line":16,"column":4},"end":{"line":21,"column":8}},{"start":{"line":22,"column":4},"end":{"line":27,"column":8}},{"start":{"line":28,"column":4},"end":{"line":29,"column":19}}],"line":10}},"s":{"0":1,"1":1,"2":4,"3":1,"4":1,"5":1,"6":1},"f":{"0":4},"b":{"0":[1],"1":[1,1,1,1]},"_coverageSchema":"1a1c01bbd47fc00a2c39e90264f33305004495a9","hash":"700e52ef33eaba552f71fec7a2fbbe9394351e6c"}
,"/Users/thomassantosa/localbook/udemy/reactdev/crwn-clothing/client/src/redux/shop/shop.sagas.js": {"path":"/Users/thomassantosa/localbook/udemy/reactdev/crwn-clothing/client/src/redux/shop/shop.sagas.js","statementMap":{"0":{"start":{"line":14,"column":2},"end":{"line":14,"column":70}},"1":{"start":{"line":15,"column":2},"end":{"line":25,"column":3}},"2":{"start":{"line":16,"column":26},"end":{"line":16,"column":61}},"3":{"start":{"line":17,"column":21},"end":{"line":17,"column":46}},"4":{"start":{"line":18,"column":27},"end":{"line":21,"column":5}},"5":{"start":{"line":22,"column":4},"end":{"line":22,"column":55}},"6":{"start":{"line":24,"column":4},"end":{"line":24,"column":54}},"7":{"start":{"line":29,"column":2},"end":{"line":32,"column":4}},"8":{"start":{"line":36,"column":2},"end":{"line":36,"column":43}}},"fnMap":{"0":{"name":"fetchCollectionsAsync","decl":{"start":{"line":13,"column":17},"end":{"line":13,"column":38}},"loc":{"start":{"line":13,"column":41},"end":{"line":26,"column":1}},"line":13},"1":{"name":"fetchCollectionsStart","decl":{"start":{"line":28,"column":17},"end":{"line":28,"column":38}},"loc":{"start":{"line":28,"column":41},"end":{"line":33,"column":1}},"line":28},"2":{"name":"shopSagas","decl":{"start":{"line":35,"column":17},"end":{"line":35,"column":26}},"loc":{"start":{"line":35,"column":29},"end":{"line":37,"column":1}},"line":35}},"branchMap":{},"s":{"0":2,"1":1,"2":1,"3":1,"4":0,"5":0,"6":1,"7":1,"8":0},"f":{"0":2,"1":1,"2":0},"b":{},"_coverageSchema":"1a1c01bbd47fc00a2c39e90264f33305004495a9","hash":"c1b827b82485aadfad5e68f9ca628a48bf57d71b"}
,"/Users/thomassantosa/localbook/udemy/reactdev/crwn-clothing/client/src/redux/shop/shop.types.js": {"path":"/Users/thomassantosa/localbook/udemy/reactdev/crwn-clothing/client/src/redux/shop/shop.types.js","statementMap":{"0":{"start":{"line":1,"column":24},"end":{"line":5,"column":1}}},"fnMap":{},"branchMap":{},"s":{"0":4},"f":{},"b":{},"_coverageSchema":"1a1c01bbd47fc00a2c39e90264f33305004495a9","hash":"08e526cbba44d289da722f6882bb37599db47037"}
,"/Users/thomassantosa/localbook/udemy/reactdev/crwn-clothing/client/src/redux/user/user.actions.js": {"path":"/Users/thomassantosa/localbook/udemy/reactdev/crwn-clothing/client/src/redux/user/user.actions.js","statementMap":{"0":{"start":{"line":3,"column":33},"end":{"line":5,"column":2}},"1":{"start":{"line":3,"column":40},"end":{"line":5,"column":1}},"2":{"start":{"line":7,"column":32},"end":{"line":10,"column":2}},"3":{"start":{"line":7,"column":55},"end":{"line":10,"column":1}},"4":{"start":{"line":12,"column":29},"end":{"line":15,"column":2}},"5":{"start":{"line":12,"column":40},"end":{"line":15,"column":1}},"6":{"start":{"line":17,"column":29},"end":{"line":20,"column":2}},"7":{"start":{"line":17,"column":41},"end":{"line":20,"column":1}},"8":{"start":{"line":22,"column":32},"end":{"line":24,"column":2}},"9":{"start":{"line":22,"column":39},"end":{"line":24,"column":1}},"10":{"start":{"line":26,"column":28},"end":{"line":28,"column":2}},"11":{"start":{"line":26,"column":35},"end":{"line":28,"column":1}},"12":{"start":{"line":30,"column":30},"end":{"line":32,"column":2}},"13":{"start":{"line":30,"column":37},"end":{"line":32,"column":1}},"14":{"start":{"line":34,"column":30},"end":{"line":37,"column":2}},"15":{"start":{"line":34,"column":42},"end":{"line":37,"column":1}},"16":{"start":{"line":39,"column":27},"end":{"line":42,"column":2}},"17":{"start":{"line":39,"column":49},"end":{"line":42,"column":1}},"18":{"start":{"line":43,"column":29},"end":{"line":46,"column":2}},"19":{"start":{"line":43,"column":60},"end":{"line":46,"column":1}},"20":{"start":{"line":47,"column":29},"end":{"line":50,"column":2}},"21":{"start":{"line":47,"column":41},"end":{"line":50,"column":1}}},"fnMap":{"0":{"name":"(anonymous_0)","decl":{"start":{"line":3,"column":33},"end":{"line":3,"column":34}},"loc":{"start":{"line":3,"column":40},"end":{"line":5,"column":1}},"line":3},"1":{"name":"(anonymous_1)","decl":{"start":{"line":7,"column":32},"end":{"line":7,"column":33}},"loc":{"start":{"line":7,"column":55},"end":{"line":10,"column":1}},"line":7},"2":{"name":"(anonymous_2)","decl":{"start":{"line":12,"column":29},"end":{"line":12,"column":30}},"loc":{"start":{"line":12,"column":40},"end":{"line":15,"column":1}},"line":12},"3":{"name":"(anonymous_3)","decl":{"start":{"line":17,"column":29},"end":{"line":17,"column":30}},"loc":{"start":{"line":17,"column":41},"end":{"line":20,"column":1}},"line":17},"4":{"name":"(anonymous_4)","decl":{"start":{"line":22,"column":32},"end":{"line":22,"column":33}},"loc":{"start":{"line":22,"column":39},"end":{"line":24,"column":1}},"line":22},"5":{"name":"(anonymous_5)","decl":{"start":{"line":26,"column":28},"end":{"line":26,"column":29}},"loc":{"start":{"line":26,"column":35},"end":{"line":28,"column":1}},"line":26},"6":{"name":"(anonymous_6)","decl":{"start":{"line":30,"column":30},"end":{"line":30,"column":31}},"loc":{"start":{"line":30,"column":37},"end":{"line":32,"column":1}},"line":30},"7":{"name":"(anonymous_7)","decl":{"start":{"line":34,"column":30},"end":{"line":34,"column":31}},"loc":{"start":{"line":34,"column":42},"end":{"line":37,"column":1}},"line":34},"8":{"name":"(anonymous_8)","decl":{"start":{"line":39,"column":27},"end":{"line":39,"column":28}},"loc":{"start":{"line":39,"column":49},"end":{"line":42,"column":1}},"line":39},"9":{"name":"(anonymous_9)","decl":{"start":{"line":43,"column":29},"end":{"line":43,"column":30}},"loc":{"start":{"line":43,"column":60},"end":{"line":46,"column":1}},"line":43},"10":{"name":"(anonymous_10)","decl":{"start":{"line":47,"column":29},"end":{"line":47,"column":30}},"loc":{"start":{"line":47,"column":41},"end":{"line":50,"column":1}},"line":47}},"branchMap":{},"s":{"0":3,"1":0,"2":3,"3":0,"4":3,"5":0,"6":3,"7":6,"8":3,"9":0,"10":3,"11":0,"12":3,"13":2,"14":3,"15":2,"16":3,"17":0,"18":3,"19":0,"20":3,"21":0},"f":{"0":0,"1":0,"2":0,"3":6,"4":0,"5":0,"6":2,"7":2,"8":0,"9":0,"10":0},"b":{},"_coverageSchema":"1a1c01bbd47fc00a2c39e90264f33305004495a9","hash":"308739ca3997300a48265860af7c8630e2b4f830"}
,"/Users/thomassantosa/localbook/udemy/reactdev/crwn-clothing/client/src/redux/user/user.reducers.js": {"path":"/Users/thomassantosa/localbook/udemy/reactdev/crwn-clothing/client/src/redux/user/user.reducers.js","statementMap":{"0":{"start":{"line":3,"column":22},"end":{"line":6,"column":1}},"1":{"start":{"line":7,"column":20},"end":{"line":31,"column":1}},"2":{"start":{"line":8,"column":2},"end":{"line":30,"column":3}},"3":{"start":{"line":10,"column":6},"end":{"line":14,"column":8}},"4":{"start":{"line":16,"column":6},"end":{"line":20,"column":8}},"5":{"start":{"line":24,"column":6},"end":{"line":27,"column":8}},"6":{"start":{"line":29,"column":6},"end":{"line":29,"column":19}}},"fnMap":{"0":{"name":"(anonymous_0)","decl":{"start":{"line":7,"column":20},"end":{"line":7,"column":21}},"loc":{"start":{"line":7,"column":55},"end":{"line":31,"column":1}},"line":7}},"branchMap":{"0":{"loc":{"start":{"line":7,"column":21},"end":{"line":7,"column":42}},"type":"default-arg","locations":[{"start":{"line":7,"column":29},"end":{"line":7,"column":42}}],"line":7},"1":{"loc":{"start":{"line":8,"column":2},"end":{"line":30,"column":3}},"type":"switch","locations":[{"start":{"line":9,"column":4},"end":{"line":14,"column":8}},{"start":{"line":15,"column":4},"end":{"line":20,"column":8}},{"start":{"line":21,"column":4},"end":{"line":21,"column":41}},{"start":{"line":22,"column":4},"end":{"line":22,"column":42}},{"start":{"line":23,"column":4},"end":{"line":27,"column":8}},{"start":{"line":28,"column":4},"end":{"line":29,"column":19}}],"line":8}},"s":{"0":1,"1":1,"2":6,"3":1,"4":1,"5":3,"6":1},"f":{"0":6},"b":{"0":[1],"1":[1,1,1,2,3,1]},"_coverageSchema":"1a1c01bbd47fc00a2c39e90264f33305004495a9","hash":"3908369efbc0eaef43f4dbdc18c20f1675b88a9b"}
,"/Users/thomassantosa/localbook/udemy/reactdev/crwn-clothing/client/src/redux/user/user.sagas.js": {"path":"/Users/thomassantosa/localbook/udemy/reactdev/crwn-clothing/client/src/redux/user/user.sagas.js","statementMap":{"0":{"start":{"line":21,"column":2},"end":{"line":32,"column":3}},"1":{"start":{"line":22,"column":20},"end":{"line":26,"column":5}},"2":{"start":{"line":28,"column":25},"end":{"line":28,"column":44}},"3":{"start":{"line":29,"column":4},"end":{"line":29,"column":78}},"4":{"start":{"line":31,"column":4},"end":{"line":31,"column":44}},"5":{"start":{"line":37,"column":2},"end":{"line":44,"column":3}},"6":{"start":{"line":38,"column":20},"end":{"line":38,"column":62}},"7":{"start":{"line":39,"column":21},"end":{"line":39,"column":28}},"8":{"start":{"line":41,"column":4},"end":{"line":41,"column":40}},"9":{"start":{"line":43,"column":4},"end":{"line":43,"column":44}},"10":{"start":{"line":49,"column":2},"end":{"line":62,"column":3}},"11":{"start":{"line":50,"column":33},"end":{"line":53,"column":5}},"12":{"start":{"line":58,"column":21},"end":{"line":58,"column":41}},"13":{"start":{"line":59,"column":4},"end":{"line":59,"column":40}},"14":{"start":{"line":61,"column":4},"end":{"line":61,"column":44}},"15":{"start":{"line":66,"column":2},"end":{"line":76,"column":3}},"16":{"start":{"line":67,"column":21},"end":{"line":67,"column":43}},"17":{"start":{"line":72,"column":4},"end":{"line":72,"column":26}},"18":{"start":{"line":72,"column":19},"end":{"line":72,"column":26}},"19":{"start":{"line":73,"column":4},"end":{"line":73,"column":44}},"20":{"start":{"line":75,"column":4},"end":{"line":75,"column":44}},"21":{"start":{"line":80,"column":2},"end":{"line":85,"column":3}},"22":{"start":{"line":81,"column":4},"end":{"line":81,"column":25}},"23":{"start":{"line":82,"column":4},"end":{"line":82,"column":32}},"24":{"start":{"line":84,"column":4},"end":{"line":84,"column":37}},"25":{"start":{"line":89,"column":2},"end":{"line":89,"column":54}},"26":{"start":{"line":93,"column":2},"end":{"line":103,"column":3}},"27":{"start":{"line":94,"column":23},"end":{"line":97,"column":5}},"28":{"start":{"line":98,"column":21},"end":{"line":98,"column":31}},"29":{"start":{"line":100,"column":4},"end":{"line":100,"column":72}},"30":{"start":{"line":102,"column":4},"end":{"line":102,"column":36}},"31":{"start":{"line":108,"column":2},"end":{"line":108,"column":58}},"32":{"start":{"line":112,"column":2},"end":{"line":112,"column":71}},"33":{"start":{"line":116,"column":2},"end":{"line":116,"column":60}},"34":{"start":{"line":121,"column":2},"end":{"line":121,"column":76}},"35":{"start":{"line":125,"column":2},"end":{"line":125,"column":75}},"36":{"start":{"line":129,"column":2},"end":{"line":129,"column":73}},"37":{"start":{"line":133,"column":2},"end":{"line":140,"column":5}}},"fnMap":{"0":{"name":"getSnapshotFromUserAuth","decl":{"start":{"line":20,"column":17},"end":{"line":20,"column":40}},"loc":{"start":{"line":20,"column":67},"end":{"line":33,"column":1}},"line":20},"1":{"name":"signInWithGoogle","decl":{"start":{"line":36,"column":17},"end":{"line":36,"column":33}},"loc":{"start":{"line":36,"column":36},"end":{"line":45,"column":1}},"line":36},"2":{"name":"signInWithEmail","decl":{"start":{"line":48,"column":17},"end":{"line":48,"column":32}},"loc":{"start":{"line":48,"column":67},"end":{"line":63,"column":1}},"line":48},"3":{"name":"isUserAuthenticated","decl":{"start":{"line":65,"column":17},"end":{"line":65,"column":36}},"loc":{"start":{"line":65,"column":39},"end":{"line":77,"column":1}},"line":65},"4":{"name":"signOut","decl":{"start":{"line":79,"column":17},"end":{"line":79,"column":24}},"loc":{"start":{"line":79,"column":27},"end":{"line":86,"column":1}},"line":79},"5":{"name":"signInAfterSignUp","decl":{"start":{"line":88,"column":17},"end":{"line":88,"column":34}},"loc":{"start":{"line":88,"column":74},"end":{"line":90,"column":1}},"line":88},"6":{"name":"signUp","decl":{"start":{"line":92,"column":17},"end":{"line":92,"column":23}},"loc":{"start":{"line":92,"column":71},"end":{"line":104,"column":1}},"line":92},"7":{"name":"onSignUpStart","decl":{"start":{"line":107,"column":17},"end":{"line":107,"column":30}},"loc":{"start":{"line":107,"column":33},"end":{"line":109,"column":1}},"line":107},"8":{"name":"onSignUpSuccess","decl":{"start":{"line":111,"column":17},"end":{"line":111,"column":32}},"loc":{"start":{"line":111,"column":35},"end":{"line":113,"column":1}},"line":111},"9":{"name":"onSignOutStart","decl":{"start":{"line":115,"column":17},"end":{"line":115,"column":31}},"loc":{"start":{"line":115,"column":34},"end":{"line":117,"column":1}},"line":115},"10":{"name":"onCheckUserSession","decl":{"start":{"line":120,"column":17},"end":{"line":120,"column":35}},"loc":{"start":{"line":120,"column":38},"end":{"line":122,"column":1}},"line":120},"11":{"name":"onGoogleSignInStart","decl":{"start":{"line":124,"column":17},"end":{"line":124,"column":36}},"loc":{"start":{"line":124,"column":39},"end":{"line":126,"column":1}},"line":124},"12":{"name":"onEmailSignInStart","decl":{"start":{"line":128,"column":17},"end":{"line":128,"column":35}},"loc":{"start":{"line":128,"column":38},"end":{"line":130,"column":1}},"line":128},"13":{"name":"userSagas","decl":{"start":{"line":132,"column":17},"end":{"line":132,"column":26}},"loc":{"start":{"line":132,"column":29},"end":{"line":141,"column":1}},"line":132}},"branchMap":{"0":{"loc":{"start":{"line":72,"column":4},"end":{"line":72,"column":26}},"type":"if","locations":[{"start":{"line":72,"column":4},"end":{"line":72,"column":26}},{"start":{"line":72,"column":4},"end":{"line":72,"column":26}}],"line":72}},"s":{"0":5,"1":5,"2":4,"3":0,"4":4,"5":0,"6":0,"7":0,"8":0,"9":0,"10":0,"11":0,"12":0,"13":0,"14":0,"15":2,"16":2,"17":1,"18":0,"19":1,"20":1,"21":2,"22":2,"23":1,"24":1,"25":1,"26":1,"27":1,"28":0,"29":0,"30":0,"31":1,"32":1,"33":1,"34":1,"35":1,"36":1,"37":0},"f":{"0":5,"1":0,"2":0,"3":2,"4":2,"5":1,"6":1,"7":1,"8":1,"9":1,"10":1,"11":1,"12":1,"13":0},"b":{"0":[0,1]},"_coverageSchema":"1a1c01bbd47fc00a2c39e90264f33305004495a9","hash":"e8c24daaf07396728141bbe701624c4758bcdb89"}
,"/Users/thomassantosa/localbook/udemy/reactdev/crwn-clothing/client/src/redux/user/user.types.js": {"path":"/Users/thomassantosa/localbook/udemy/reactdev/crwn-clothing/client/src/redux/user/user.types.js","statementMap":{"0":{"start":{"line":1,"column":24},"end":{"line":14,"column":1}}},"fnMap":{},"branchMap":{},"s":{"0":5},"f":{},"b":{},"_coverageSchema":"1a1c01bbd47fc00a2c39e90264f33305004495a9","hash":"f0757946440150adab1e143fa389f70fbacdebe4"}
}
