TN:
SF:src/App.js
FN:18,(anonymous_0)
FN:19,(anonymous_1)
FN:20,(anonymous_2)
FN:21,(anonymous_3)
FN:27,(anonymous_4)
FN:28,(anonymous_5)
FN:45,(anonymous_6)
FN:59,(anonymous_7)
FN:60,(anonymous_8)
FNF:9
FNH:0
FNDA:0,(anonymous_0)
FNDA:0,(anonymous_1)
FNDA:0,(anonymous_2)
FNDA:0,(anonymous_3)
FNDA:0,(anonymous_4)
FNDA:0,(anonymous_5)
FNDA:0,(anonymous_6)
FNDA:0,(anonymous_7)
FNDA:0,(anonymous_8)
DA:18,0
DA:19,0
DA:20,0
DA:21,0
DA:22,0
DA:27,0
DA:28,0
DA:29,0
DA:32,0
DA:46,0
DA:56,0
DA:59,0
DA:60,0
LF:13
LH:0
BRDA:46,0,0,0
BRDA:46,0,1,0
BRF:2
BRH:0
end_of_record
TN:
SF:src/components/cart-dropdown/cart-dropdown.component.jsx
FN:20,(anonymous_0)
FN:25,(anonymous_1)
FN:33,(anonymous_2)
FNF:3
FNH:3
FNDA:5,(anonymous_0)
FNDA:12,(anonymous_1)
FNDA:1,(anonymous_2)
DA:20,2
DA:21,5
DA:26,12
DA:34,1
DA:35,1
DA:43,2
LF:6
LH:6
BRDA:24,0,0,4
BRDA:24,0,1,1
BRF:2
BRH:2
end_of_record
TN:
SF:src/components/cart-dropdown/cart-dropdown.styles.jsx
FNF:0
FNH:0
DA:4,2
DA:18,2
DA:22,2
DA:23,2
DA:28,2
LF:5
LH:5
BRF:0
BRH:0
end_of_record
TN:
SF:src/components/cart-icon/cart-icon.component.jsx
FN:15,(anonymous_0)
FN:26,(anonymous_1)
FN:27,(anonymous_2)
FNF:3
FNH:1
FNDA:3,(anonymous_0)
FNDA:0,(anonymous_1)
FNDA:0,(anonymous_2)
DA:15,2
DA:16,3
DA:23,2
DA:26,2
DA:27,0
LF:5
LH:4
BRF:0
BRH:0
end_of_record
TN:
SF:src/components/cart-icon/cart-icon.styles.jsx
FNF:0
FNH:0
DA:4,2
DA:13,2
DA:14,2
DA:19,2
DA:25,2
LF:5
LH:5
BRF:0
BRH:0
end_of_record
TN:
SF:src/components/cart-item/cart-item.component.jsx
FN:10,(anonymous_0)
FNF:1
FNH:1
FNDA:1,(anonymous_0)
DA:10,3
DA:11,1
LF:2
LH:2
BRF:0
BRH:0
end_of_record
TN:
SF:src/components/checkout-item/checkout-item.component.jsx
FN:17,(anonymous_0)
FN:27,(anonymous_1)
FN:29,(anonymous_2)
FN:32,(anonymous_3)
FN:39,(anonymous_4)
FN:40,(anonymous_5)
FN:41,(anonymous_6)
FN:42,(anonymous_7)
FNF:8
FNH:4
FNDA:4,(anonymous_0)
FNDA:1,(anonymous_1)
FNDA:1,(anonymous_2)
FNDA:1,(anonymous_3)
FNDA:0,(anonymous_4)
FNDA:0,(anonymous_5)
FNDA:0,(anonymous_6)
FNDA:0,(anonymous_7)
DA:17,2
DA:18,4
DA:19,4
DA:27,1
DA:29,1
DA:32,1
DA:39,2
DA:40,0
DA:41,0
DA:42,0
LF:10
LH:7
BRF:0
BRH:0
end_of_record
TN:
SF:src/components/checkout-item/checkout-item.styles.jsx
FNF:0
FNH:0
DA:3,2
DA:13,2
DA:22,2
DA:26,2
DA:36,2
DA:38,2
DA:43,2
LF:7
LH:7
BRF:0
BRH:0
end_of_record
TN:
SF:src/components/collection-item/collection-item.component.jsx
FN:17,(anonymous_0)
FN:26,(anonymous_1)
FN:33,(anonymous_2)
FN:34,(anonymous_3)
FNF:4
FNH:2
FNDA:5,(anonymous_0)
FNDA:1,(anonymous_1)
FNDA:0,(anonymous_2)
FNDA:0,(anonymous_3)
DA:17,4
DA:18,5
DA:19,5
DA:26,1
DA:33,4
DA:34,0
LF:6
LH:5
BRF:0
BRH:0
end_of_record
TN:
SF:src/components/collection-item/collection-item.styles.jsx
FN:67,(anonymous_0)
FNF:1
FNH:0
FNDA:0,(anonymous_0)
DA:12,4
DA:45,4
DA:59,4
DA:61,4
DA:67,0
DA:70,4
DA:72,4
DA:80,4
DA:82,4
DA:86,4
DA:88,4
DA:93,4
LF:12
LH:11
BRF:0
BRH:0
end_of_record
TN:
SF:src/components/collection-preview/collection-preview.component.jsx
FN:14,(anonymous_0)
FN:24,(anonymous_1)
FN:30,(anonymous_2)
FN:31,(anonymous_3)
FNF:4
FNH:2
FNDA:2,(anonymous_0)
FNDA:1,(anonymous_1)
FNDA:0,(anonymous_2)
FNDA:0,(anonymous_3)
DA:14,2
DA:21,2
DA:24,1
DA:30,0
DA:32,0
LF:5
LH:3
BRF:0
BRH:0
end_of_record
TN:
SF:src/components/collection-preview/collection-preview.styles.jsx
FNF:0
FNH:0
DA:3,2
DA:12,2
DA:21,2
DA:22,2
LF:4
LH:4
BRF:0
BRH:0
end_of_record
TN:
SF:src/components/collections-overview/collections-overview.component.jsx
FN:9,(anonymous_0)
FN:12,(anonymous_1)
FNF:2
FNH:1
FNDA:1,(anonymous_0)
FNDA:0,(anonymous_1)
DA:9,1
DA:10,1
DA:13,0
DA:18,1
LF:4
LH:3
BRF:0
BRH:0
end_of_record
TN:
SF:src/components/custom-button/custom-button.component.jsx
FN:5,(anonymous_0)
FNF:1
FNH:1
FNDA:1,(anonymous_0)
DA:5,8
DA:6,1
LF:2
LH:2
BRF:0
BRH:0
end_of_record
TN:
SF:src/components/directory/directory.component.jsx
FN:12,(anonymous_0)
FN:15,(anonymous_1)
FNF:2
FNH:1
FNDA:1,(anonymous_0)
FNDA:0,(anonymous_1)
DA:12,2
DA:13,1
DA:16,0
DA:22,2
LF:4
LH:3
BRF:0
BRH:0
end_of_record
TN:
SF:src/components/form-input/form-input.component.jsx
FN:11,(anonymous_0)
FNF:1
FNH:1
FNDA:5,(anonymous_0)
DA:11,2
DA:12,5
LF:2
LH:2
BRDA:15,0,0,4
BRDA:15,0,1,1
BRDA:16,1,0,4
BRDA:16,1,1,0
BRF:4
BRH:3
end_of_record
TN:
SF:src/components/form-input/form-input.styles.jsx
FNF:0
FNH:0
DA:3,2
DA:4,2
DA:6,2
DA:12,2
DA:20,2
DA:41,2
DA:42,2
DA:55,2
LF:8
LH:8
BRF:0
BRH:0
end_of_record
TN:
SF:src/components/header/header.component.jsx
FN:24,(anonymous_0)
FN:51,(anonymous_1)
FN:52,(anonymous_2)
FNF:3
FNH:1
FNDA:8,(anonymous_0)
FNDA:0,(anonymous_1)
FNDA:0,(anonymous_2)
DA:24,1
DA:25,8
DA:47,1
DA:51,1
DA:52,0
LF:5
LH:4
BRDA:33,0,0,6
BRDA:33,0,1,2
BRDA:42,1,0,7
BRDA:42,1,1,1
BRF:4
BRH:4
end_of_record
TN:
SF:src/components/header/header.styles.jsx
FNF:0
FNH:0
DA:9,1
DA:22,1
DA:32,1
DA:43,1
DA:48,1
LF:5
LH:5
BRF:0
BRH:0
end_of_record
TN:
SF:src/components/menu-item/menu-item.component.jsx
FN:14,(anonymous_0)
FN:25,(anonymous_1)
FNF:2
FNH:2
FNDA:4,(anonymous_0)
FNDA:1,(anonymous_1)
DA:14,3
DA:22,4
DA:25,1
LF:3
LH:3
BRF:0
BRH:0
end_of_record
TN:
SF:src/components/menu-item/menu-item.styles.jsx
FN:19,(anonymous_0)
FN:57,(anonymous_1)
FNF:2
FNH:0
FNDA:0,(anonymous_0)
FNDA:0,(anonymous_1)
DA:18,3
DA:19,0
DA:50,3
DA:52,3
DA:57,0
DA:60,3
DA:62,3
DA:75,3
DA:82,3
LF:9
LH:7
BRDA:19,0,0,0
BRDA:19,0,1,0
BRF:2
BRH:0
end_of_record
TN:
SF:src/components/spinner/spinner.component.jsx
FN:4,(anonymous_0)
FNF:1
FNH:0
FNDA:0,(anonymous_0)
DA:4,2
DA:5,0
LF:2
LH:1
BRF:0
BRH:0
end_of_record
TN:
SF:src/components/with-spinner/with-spinner.component.jsx
FN:5,(anonymous_0)
FN:5,(anonymous_1)
FNF:2
FNH:2
FNDA:1,(anonymous_0)
FNDA:4,(anonymous_1)
DA:5,1
DA:6,4
LF:2
LH:2
BRDA:6,0,0,2
BRDA:6,0,1,2
BRF:2
BRH:2
end_of_record
TN:
SF:src/firebase/firebase.utils.js
FN:17,(anonymous_0)
FN:68,(anonymous_1)
FN:84,(anonymous_2)
FN:96,(anonymous_3)
FN:110,(anonymous_4)
FN:111,(anonymous_5)
FN:125,(anonymous_6)
FN:131,(anonymous_7)
FN:132,(anonymous_8)
FN:133,(anonymous_9)
FN:145,(anonymous_10)
FNF:11
FNH:3
FNDA:0,(anonymous_0)
FNDA:0,(anonymous_1)
FNDA:0,(anonymous_2)
FNDA:0,(anonymous_3)
FNDA:0,(anonymous_4)
FNDA:0,(anonymous_5)
FNDA:0,(anonymous_6)
FNDA:3,(anonymous_7)
FNDA:3,(anonymous_8)
FNDA:3,(anonymous_9)
FNDA:0,(anonymous_10)
DA:6,3
DA:15,3
DA:17,3
DA:18,0
DA:43,0
DA:45,0
DA:51,0
DA:52,0
DA:53,0
DA:54,0
DA:55,0
DA:62,0
DA:65,0
DA:68,3
DA:69,0
DA:70,0
DA:71,0
DA:72,0
DA:73,0
DA:77,0
DA:79,0
DA:84,3
DA:89,0
DA:95,0
DA:96,0
DA:98,0
DA:104,0
DA:107,0
DA:110,3
DA:111,0
DA:112,0
DA:113,0
DA:125,0
DA:126,0
DA:127,0
DA:131,3
DA:132,3
DA:133,3
DA:134,3
DA:135,3
DA:140,3
DA:141,3
DA:143,3
DA:144,3
DA:145,3
LF:45
LH:16
BRDA:18,0,0,0
BRDA:18,0,1,0
BRDA:51,1,0,0
BRDA:51,1,1,0
BRDA:71,2,0,0
BRDA:71,2,1,0
BRF:6
BRH:0
end_of_record
TN:
SF:src/pages/checkout/checkout.component.jsx
FN:20,(anonymous_0)
FN:40,(anonymous_1)
FNF:2
FNH:1
FNDA:1,(anonymous_0)
FNDA:0,(anonymous_1)
DA:20,1
DA:21,1
DA:41,0
DA:56,1
LF:4
LH:3
BRF:0
BRH:0
end_of_record
TN:
SF:src/pages/collection/collection.component.jsx
FN:12,(anonymous_0)
FN:19,(anonymous_1)
FN:27,(anonymous_2)
FNF:3
FNH:2
FNDA:2,(anonymous_0)
FNDA:6,(anonymous_1)
FNDA:0,(anonymous_2)
DA:12,1
DA:13,2
DA:15,2
DA:20,6
DA:27,1
LF:5
LH:5
BRF:0
BRH:0
end_of_record
TN:
SF:src/pages/collection/collection.styles.jsx
FNF:0
FNH:0
DA:3,1
DA:8,1
DA:13,1
DA:22,1
LF:4
LH:4
BRF:0
BRH:0
end_of_record
TN:
SF:src/pages/homepage/homepage.component.jsx
FN:8,(anonymous_0)
FN:14,(anonymous_1)
FNF:2
FNH:1
FNDA:1,(anonymous_0)
FNDA:0,(anonymous_1)
DA:8,1
DA:10,1
DA:15,0
LF:3
LH:2
BRF:0
BRH:0
end_of_record
TN:
SF:src/pages/shop/shop.component.jsx
FN:12,(anonymous_0)
FN:15,(anonymous_1)
FN:20,(anonymous_2)
FN:21,(anonymous_3)
FN:42,(anonymous_4)
FN:43,(anonymous_5)
FNF:6
FNH:0
FNDA:0,(anonymous_0)
FNDA:0,(anonymous_1)
FNDA:0,(anonymous_2)
FNDA:0,(anonymous_3)
FNDA:0,(anonymous_4)
FNDA:0,(anonymous_5)
DA:12,1
DA:13,0
DA:15,1
DA:16,0
DA:20,1
DA:21,0
DA:22,0
DA:25,0
DA:42,1
DA:43,0
LF:10
LH:4
BRF:0
BRH:0
end_of_record
TN:
SF:src/pages/shop/shop.styles.jsx
FNF:0
FNH:0
DA:3,1
LF:1
LH:1
BRF:0
BRH:0
end_of_record
TN:
SF:src/pages/sign-in-and-sign-up/sign-in-and-sign-up.component.jsx
FN:9,(anonymous_0)
FNF:1
FNH:1
FNDA:1,(anonymous_0)
DA:9,1
DA:10,1
LF:2
LH:2
BRF:0
BRH:0
end_of_record
TN:
SF:src/redux/saga-testing.utils.js
FN:3,recordSaga
FN:8,(anonymous_1)
FNF:2
FNH:0
FNDA:0,recordSaga
FNDA:0,(anonymous_1)
DA:4,0
DA:6,0
DA:8,0
DA:14,0
LF:4
LH:0
BRF:0
BRH:0
end_of_record
TN:
SF:src/redux/cart/cart.actions.js
FN:3,(anonymous_0)
FN:7,(anonymous_1)
FN:12,(anonymous_2)
FN:17,(anonymous_3)
FN:22,(anonymous_4)
FN:26,(anonymous_5)
FN:30,(anonymous_6)
FNF:7
FNH:5
FNDA:3,(anonymous_0)
FNDA:1,(anonymous_1)
FNDA:1,(anonymous_2)
FNDA:1,(anonymous_3)
FNDA:3,(anonymous_4)
FNDA:0,(anonymous_5)
FNDA:0,(anonymous_6)
DA:3,11
DA:7,11
DA:12,11
DA:17,11
DA:22,11
DA:26,11
DA:30,11
LF:7
LH:7
BRF:0
BRH:0
end_of_record
TN:
SF:src/redux/cart/cart.reducers.js
FN:9,(anonymous_0)
FN:25,(anonymous_1)
FNF:2
FNH:2
FNDA:6,(anonymous_0)
FNDA:2,(anonymous_1)
DA:4,1
DA:9,1
DA:10,6
DA:12,1
DA:17,1
DA:22,1
DA:25,2
DA:29,1
DA:34,1
DA:39,0
DA:44,1
LF:11
LH:10
BRDA:9,0,0,1
BRDA:10,1,0,1
BRDA:10,1,1,1
BRDA:10,1,2,1
BRDA:10,1,3,1
BRDA:10,1,4,1
BRDA:10,1,5,0
BRDA:10,1,6,1
BRF:8
BRH:7
end_of_record
TN:
SF:src/redux/cart/cart.sagas.js
FN:9,updateCartInFirebase
FN:22,checkCartFromFirebase
FN:28,clearCartOnSignOut
FN:31,onSignOutSuccess
FN:35,onUserSignIn
FN:39,onCartChange
FN:50,cartSagas
FNF:7
FNH:2
FNDA:0,updateCartInFirebase
FNDA:0,checkCartFromFirebase
FNDA:1,clearCartOnSignOut
FNDA:1,onSignOutSuccess
FNDA:0,onUserSignIn
FNDA:0,onCartChange
FNDA:0,cartSagas
DA:10,0
DA:11,0
DA:12,0
DA:13,0
DA:14,0
DA:15,0
DA:17,0
DA:23,0
DA:25,0
DA:26,0
DA:29,1
DA:32,1
DA:36,0
DA:40,0
DA:51,0
LF:15
LH:2
BRDA:11,0,0,0
BRDA:11,0,1,0
BRF:2
BRH:0
end_of_record
TN:
SF:src/redux/cart/cart.types.js
FNF:0
FNH:0
DA:1,12
LF:1
LH:1
BRF:0
BRH:0
end_of_record
TN:
SF:src/redux/directory/directory.reducer.js
FN:42,(anonymous_0)
FNF:1
FNH:1
FNDA:1,(anonymous_0)
DA:1,1
DA:42,1
DA:43,1
DA:45,1
LF:4
LH:4
BRDA:42,0,0,1
BRDA:43,1,0,1
BRF:2
BRH:2
end_of_record
TN:
SF:src/redux/shop/shop.actions.js
FN:3,(anonymous_0)
FN:7,(anonymous_1)
FN:12,(anonymous_2)
FNF:3
FNH:3
FNDA:1,(anonymous_0)
FNDA:2,(anonymous_1)
FNDA:2,(anonymous_2)
DA:3,3
DA:7,3
DA:12,3
LF:3
LH:3
BRF:0
BRH:0
end_of_record
TN:
SF:src/redux/shop/shop.reducer.js
FN:9,(anonymous_0)
FNF:1
FNH:1
FNDA:4,(anonymous_0)
DA:3,1
DA:9,1
DA:10,4
DA:12,1
DA:17,1
DA:23,1
DA:29,1
LF:7
LH:7
BRDA:9,0,0,1
BRDA:10,1,0,1
BRDA:10,1,1,1
BRDA:10,1,2,1
BRDA:10,1,3,1
BRF:5
BRH:5
end_of_record
TN:
SF:src/redux/shop/shop.sagas.js
FN:13,fetchCollectionsAsync
FN:28,fetchCollectionsStart
FN:35,shopSagas
FNF:3
FNH:2
FNDA:2,fetchCollectionsAsync
FNDA:1,fetchCollectionsStart
FNDA:0,shopSagas
DA:14,2
DA:15,1
DA:16,1
DA:17,1
DA:18,0
DA:22,0
DA:24,1
DA:29,1
DA:36,0
LF:9
LH:6
BRF:0
BRH:0
end_of_record
TN:
SF:src/redux/shop/shop.types.js
FNF:0
FNH:0
DA:1,4
LF:1
LH:1
BRF:0
BRH:0
end_of_record
TN:
SF:src/redux/user/user.actions.js
FN:3,(anonymous_0)
FN:7,(anonymous_1)
FN:12,(anonymous_2)
FN:17,(anonymous_3)
FN:22,(anonymous_4)
FN:26,(anonymous_5)
FN:30,(anonymous_6)
FN:34,(anonymous_7)
FN:39,(anonymous_8)
FN:43,(anonymous_9)
FN:47,(anonymous_10)
FNF:11
FNH:3
FNDA:0,(anonymous_0)
FNDA:0,(anonymous_1)
FNDA:0,(anonymous_2)
FNDA:6,(anonymous_3)
FNDA:0,(anonymous_4)
FNDA:0,(anonymous_5)
FNDA:2,(anonymous_6)
FNDA:2,(anonymous_7)
FNDA:0,(anonymous_8)
FNDA:0,(anonymous_9)
FNDA:0,(anonymous_10)
DA:3,3
DA:7,3
DA:12,3
DA:17,6
DA:22,3
DA:26,3
DA:30,3
DA:34,3
DA:39,3
DA:43,3
DA:47,3
LF:11
LH:11
BRF:0
BRH:0
end_of_record
TN:
SF:src/redux/user/user.reducers.js
FN:7,(anonymous_0)
FNF:1
FNH:1
FNDA:6,(anonymous_0)
DA:3,1
DA:7,1
DA:8,6
DA:10,1
DA:16,1
DA:24,3
DA:29,1
LF:7
LH:7
BRDA:7,0,0,1
BRDA:8,1,0,1
BRDA:8,1,1,1
BRDA:8,1,2,1
BRDA:8,1,3,2
BRDA:8,1,4,3
BRDA:8,1,5,1
BRF:7
BRH:7
end_of_record
TN:
SF:src/redux/user/user.sagas.js
FN:20,getSnapshotFromUserAuth
FN:36,signInWithGoogle
FN:48,signInWithEmail
FN:65,isUserAuthenticated
FN:79,signOut
FN:88,signInAfterSignUp
FN:92,signUp
FN:107,onSignUpStart
FN:111,onSignUpSuccess
FN:115,onSignOutStart
FN:120,onCheckUserSession
FN:124,onGoogleSignInStart
FN:128,onEmailSignInStart
FN:132,userSagas
FNF:14
FNH:11
FNDA:5,getSnapshotFromUserAuth
FNDA:0,signInWithGoogle
FNDA:0,signInWithEmail
FNDA:2,isUserAuthenticated
FNDA:2,signOut
FNDA:1,signInAfterSignUp
FNDA:1,signUp
FNDA:1,onSignUpStart
FNDA:1,onSignUpSuccess
FNDA:1,onSignOutStart
FNDA:1,onCheckUserSession
FNDA:1,onGoogleSignInStart
FNDA:1,onEmailSignInStart
FNDA:0,userSagas
DA:21,5
DA:22,5
DA:28,4
DA:29,0
DA:31,4
DA:37,0
DA:38,0
DA:39,0
DA:41,0
DA:43,0
DA:49,0
DA:50,0
DA:58,0
DA:59,0
DA:61,0
DA:66,2
DA:67,2
DA:72,1
DA:73,1
DA:75,1
DA:80,2
DA:81,2
DA:82,1
DA:84,1
DA:89,1
DA:93,1
DA:94,1
DA:98,0
DA:100,0
DA:102,0
DA:108,1
DA:112,1
DA:116,1
DA:121,1
DA:125,1
DA:129,1
DA:133,0
LF:37
LH:22
BRDA:72,0,0,0
BRDA:72,0,1,1
BRF:2
BRH:1
end_of_record
TN:
SF:src/redux/user/user.types.js
FNF:0
FNH:0
DA:1,5
LF:1
LH:1
BRF:0
BRH:0
end_of_record
